{"/workspace/backend/src/index.js": {"path":"/workspace/backend/src/index.js","statementMap":{"0":{"start":{"line":1,"column":0},"end":{"line":1,"column":27}},"1":{"start":{"line":3,"column":16},"end":{"line":3,"column":34}},"2":{"start":{"line":4,"column":13},"end":{"line":4,"column":28}},"3":{"start":{"line":5,"column":20},"end":{"line":5,"column":35}},"4":{"start":{"line":6,"column":31},"end":{"line":6,"column":58}},"5":{"start":{"line":7,"column":30},"end":{"line":7,"column":65}},"6":{"start":{"line":10,"column":19},"end":{"line":10,"column":43}},"7":{"start":{"line":11,"column":22},"end":{"line":11,"column":49}},"8":{"start":{"line":12,"column":19},"end":{"line":12,"column":45}},"9":{"start":{"line":13,"column":23},"end":{"line":13,"column":51}},"10":{"start":{"line":14,"column":27},"end":{"line":14,"column":60}},"11":{"start":{"line":16,"column":12},"end":{"line":16,"column":21}},"12":{"start":{"line":17,"column":13},"end":{"line":17,"column":37}},"13":{"start":{"line":20,"column":0},"end":{"line":20,"column":16}},"14":{"start":{"line":21,"column":0},"end":{"line":21,"column":24}},"15":{"start":{"line":22,"column":0},"end":{"line":22,"column":48}},"16":{"start":{"line":25,"column":0},"end":{"line":30,"column":1}},"17":{"start":{"line":26,"column":2},"end":{"line":29,"column":5}},"18":{"start":{"line":27,"column":4},"end":{"line":27,"column":73}},"19":{"start":{"line":28,"column":4},"end":{"line":28,"column":11}},"20":{"start":{"line":33,"column":0},"end":{"line":40,"column":3}},"21":{"start":{"line":34,"column":2},"end":{"line":39,"column":5}},"22":{"start":{"line":43,"column":0},"end":{"line":43,"column":33}},"23":{"start":{"line":44,"column":0},"end":{"line":44,"column":39}},"24":{"start":{"line":45,"column":0},"end":{"line":45,"column":35}},"25":{"start":{"line":46,"column":0},"end":{"line":46,"column":41}},"26":{"start":{"line":47,"column":0},"end":{"line":47,"column":50}},"27":{"start":{"line":50,"column":0},"end":{"line":56,"column":3}},"28":{"start":{"line":51,"column":2},"end":{"line":51,"column":41}},"29":{"start":{"line":52,"column":2},"end":{"line":55,"column":5}},"30":{"start":{"line":59,"column":0},"end":{"line":61,"column":3}},"31":{"start":{"line":60,"column":2},"end":{"line":60,"column":56}},"32":{"start":{"line":64,"column":0},"end":{"line":84,"column":1}},"33":{"start":{"line":65,"column":2},"end":{"line":65,"column":23}},"34":{"start":{"line":66,"column":2},"end":{"line":66,"column":51}},"35":{"start":{"line":69,"column":23},"end":{"line":72,"column":4}},"36":{"start":{"line":70,"column":4},"end":{"line":70,"column":51}},"37":{"start":{"line":71,"column":4},"end":{"line":71,"column":24}},"38":{"start":{"line":73,"column":2},"end":{"line":73,"column":23}},"39":{"start":{"line":75,"column":2},"end":{"line":80,"column":3}},"40":{"start":{"line":76,"column":4},"end":{"line":79,"column":7}},"41":{"start":{"line":77,"column":6},"end":{"line":77,"column":61}},"42":{"start":{"line":78,"column":6},"end":{"line":78,"column":75}},"43":{"start":{"line":82,"column":2},"end":{"line":82,"column":50}},"44":{"start":{"line":83,"column":2},"end":{"line":83,"column":18}},"45":{"start":{"line":86,"column":0},"end":{"line":86,"column":21}}},"fnMap":{"0":{"name":"(anonymous_0)","decl":{"start":{"line":26,"column":10},"end":{"line":26,"column":11}},"loc":{"start":{"line":26,"column":30},"end":{"line":29,"column":3}},"line":26},"1":{"name":"(anonymous_1)","decl":{"start":{"line":33,"column":23},"end":{"line":33,"column":24}},"loc":{"start":{"line":33,"column":37},"end":{"line":40,"column":1}},"line":33},"2":{"name":"(anonymous_2)","decl":{"start":{"line":50,"column":8},"end":{"line":50,"column":9}},"loc":{"start":{"line":50,"column":33},"end":{"line":56,"column":1}},"line":50},"3":{"name":"(anonymous_3)","decl":{"start":{"line":59,"column":8},"end":{"line":59,"column":9}},"loc":{"start":{"line":59,"column":22},"end":{"line":61,"column":1}},"line":59},"4":{"name":"(anonymous_4)","decl":{"start":{"line":69,"column":50},"end":{"line":69,"column":51}},"loc":{"start":{"line":69,"column":56},"end":{"line":72,"column":3}},"line":69},"5":{"name":"(anonymous_5)","decl":{"start":{"line":76,"column":21},"end":{"line":76,"column":22}},"loc":{"start":{"line":76,"column":27},"end":{"line":79,"column":5}},"line":76}},"branchMap":{"0":{"loc":{"start":{"line":17,"column":13},"end":{"line":17,"column":37}},"type":"binary-expr","locations":[{"start":{"line":17,"column":13},"end":{"line":17,"column":29}},{"start":{"line":17,"column":33},"end":{"line":17,"column":37}}],"line":17},"1":{"loc":{"start":{"line":25,"column":0},"end":{"line":30,"column":1}},"type":"if","locations":[{"start":{"line":25,"column":0},"end":{"line":30,"column":1}},{"start":{},"end":{}}],"line":25},"2":{"loc":{"start":{"line":54,"column":8},"end":{"line":54,"column":73}},"type":"binary-expr","locations":[{"start":{"line":54,"column":8},"end":{"line":54,"column":45}},{"start":{"line":54,"column":49},"end":{"line":54,"column":73}}],"line":54},"3":{"loc":{"start":{"line":75,"column":2},"end":{"line":80,"column":3}},"type":"if","locations":[{"start":{"line":75,"column":2},"end":{"line":80,"column":3}},{"start":{},"end":{}}],"line":75},"4":{"loc":{"start":{"line":78,"column":34},"end":{"line":78,"column":71}},"type":"binary-expr","locations":[{"start":{"line":78,"column":34},"end":{"line":78,"column":54}},{"start":{"line":78,"column":58},"end":{"line":78,"column":71}}],"line":78}},"s":{"0":1,"1":1,"2":1,"3":1,"4":1,"5":1,"6":1,"7":1,"8":1,"9":1,"10":1,"11":1,"12":1,"13":1,"14":1,"15":1,"16":1,"17":1,"18":29,"19":29,"20":1,"21":1,"22":1,"23":1,"24":1,"25":1,"26":1,"27":1,"28":0,"29":0,"30":1,"31":0,"32":1,"33":1,"34":1,"35":1,"36":0,"37":0,"38":1,"39":1,"40":0,"41":0,"42":0,"43":0,"44":0,"45":1},"f":{"0":29,"1":1,"2":0,"3":0,"4":0,"5":0},"b":{"0":[1,1],"1":[1,0],"2":[0,0],"3":[0,1],"4":[0,0]},"_coverageSchema":"1a1c01bbd47fc00a2c39e90264f33305004495a9","hash":"1f04e77a8e6eb96cff3764c6c6fb33b6679d3882"}
,"/workspace/backend/src/middleware/auth.js": {"path":"/workspace/backend/src/middleware/auth.js","statementMap":{"0":{"start":{"line":1,"column":12},"end":{"line":1,"column":35}},"1":{"start":{"line":2,"column":18},"end":{"line":2,"column":46}},"2":{"start":{"line":4,"column":19},"end":{"line":4,"column":84}},"3":{"start":{"line":7,"column":2},"end":{"line":11,"column":4}},"4":{"start":{"line":15,"column":21},"end":{"line":15,"column":46}},"5":{"start":{"line":17,"column":2},"end":{"line":19,"column":3}},"6":{"start":{"line":18,"column":4},"end":{"line":18,"column":79}},"7":{"start":{"line":21,"column":16},"end":{"line":21,"column":40}},"8":{"start":{"line":23,"column":2},"end":{"line":39,"column":3}},"9":{"start":{"line":24,"column":20},"end":{"line":24,"column":49}},"10":{"start":{"line":25,"column":15},"end":{"line":25,"column":22}},"11":{"start":{"line":26,"column":17},"end":{"line":26,"column":99}},"12":{"start":{"line":28,"column":4},"end":{"line":30,"column":5}},"13":{"start":{"line":29,"column":6},"end":{"line":29,"column":70}},"14":{"start":{"line":32,"column":4},"end":{"line":32,"column":20}},"15":{"start":{"line":33,"column":4},"end":{"line":33,"column":11}},"16":{"start":{"line":35,"column":4},"end":{"line":37,"column":5}},"17":{"start":{"line":36,"column":6},"end":{"line":36,"column":63}},"18":{"start":{"line":38,"column":4},"end":{"line":38,"column":61}},"19":{"start":{"line":43,"column":2},"end":{"line":79,"column":4}},"20":{"start":{"line":44,"column":15},"end":{"line":44,"column":22}},"21":{"start":{"line":45,"column":21},"end":{"line":45,"column":62}},"22":{"start":{"line":47,"column":4},"end":{"line":49,"column":5}},"23":{"start":{"line":48,"column":6},"end":{"line":48,"column":68}},"24":{"start":{"line":51,"column":19},"end":{"line":56,"column":33}},"25":{"start":{"line":58,"column":4},"end":{"line":60,"column":5}},"26":{"start":{"line":59,"column":6},"end":{"line":59,"column":80}},"27":{"start":{"line":63,"column":4},"end":{"line":67,"column":5}},"28":{"start":{"line":65,"column":6},"end":{"line":65,"column":88}},"29":{"start":{"line":66,"column":6},"end":{"line":66,"column":70}},"30":{"start":{"line":70,"column":30},"end":{"line":70,"column":74}},"31":{"start":{"line":71,"column":26},"end":{"line":71,"column":87}},"32":{"start":{"line":71,"column":57},"end":{"line":71,"column":86}},"33":{"start":{"line":73,"column":4},"end":{"line":75,"column":5}},"34":{"start":{"line":74,"column":6},"end":{"line":74,"column":82}},"35":{"start":{"line":77,"column":4},"end":{"line":77,"column":30}},"36":{"start":{"line":78,"column":4},"end":{"line":78,"column":11}},"37":{"start":{"line":83,"column":2},"end":{"line":121,"column":4}},"38":{"start":{"line":84,"column":15},"end":{"line":84,"column":22}},"39":{"start":{"line":85,"column":19},"end":{"line":85,"column":56}},"40":{"start":{"line":87,"column":4},"end":{"line":89,"column":5}},"41":{"start":{"line":88,"column":6},"end":{"line":88,"column":66}},"42":{"start":{"line":91,"column":17},"end":{"line":91,"column":76}},"43":{"start":{"line":92,"column":4},"end":{"line":94,"column":5}},"44":{"start":{"line":93,"column":6},"end":{"line":93,"column":67}},"45":{"start":{"line":96,"column":19},"end":{"line":100,"column":39}},"46":{"start":{"line":102,"column":4},"end":{"line":104,"column":5}},"47":{"start":{"line":103,"column":6},"end":{"line":103,"column":77}},"48":{"start":{"line":106,"column":4},"end":{"line":109,"column":5}},"49":{"start":{"line":107,"column":6},"end":{"line":107,"column":88}},"50":{"start":{"line":108,"column":6},"end":{"line":108,"column":70}},"51":{"start":{"line":111,"column":30},"end":{"line":111,"column":74}},"52":{"start":{"line":112,"column":26},"end":{"line":112,"column":87}},"53":{"start":{"line":112,"column":57},"end":{"line":112,"column":86}},"54":{"start":{"line":114,"column":4},"end":{"line":116,"column":5}},"55":{"start":{"line":115,"column":6},"end":{"line":115,"column":82}},"56":{"start":{"line":118,"column":4},"end":{"line":118,"column":20}},"57":{"start":{"line":119,"column":4},"end":{"line":119,"column":30}},"58":{"start":{"line":120,"column":4},"end":{"line":120,"column":11}},"59":{"start":{"line":124,"column":0},"end":{"line":124,"column":97}}},"fnMap":{"0":{"name":"generateToken","decl":{"start":{"line":6,"column":9},"end":{"line":6,"column":22}},"loc":{"start":{"line":6,"column":29},"end":{"line":12,"column":1}},"line":6},"1":{"name":"authenticate","decl":{"start":{"line":14,"column":9},"end":{"line":14,"column":21}},"loc":{"start":{"line":14,"column":38},"end":{"line":40,"column":1}},"line":14},"2":{"name":"checkFamilyAccess","decl":{"start":{"line":42,"column":9},"end":{"line":42,"column":26}},"loc":{"start":{"line":42,"column":59},"end":{"line":80,"column":1}},"line":42},"3":{"name":"(anonymous_3)","decl":{"start":{"line":43,"column":9},"end":{"line":43,"column":10}},"loc":{"start":{"line":43,"column":29},"end":{"line":79,"column":3}},"line":43},"4":{"name":"(anonymous_4)","decl":{"start":{"line":71,"column":52},"end":{"line":71,"column":53}},"loc":{"start":{"line":71,"column":57},"end":{"line":71,"column":86}},"line":71},"5":{"name":"checkBabyAccess","decl":{"start":{"line":82,"column":9},"end":{"line":82,"column":24}},"loc":{"start":{"line":82,"column":57},"end":{"line":122,"column":1}},"line":82},"6":{"name":"(anonymous_6)","decl":{"start":{"line":83,"column":9},"end":{"line":83,"column":10}},"loc":{"start":{"line":83,"column":29},"end":{"line":121,"column":3}},"line":83},"7":{"name":"(anonymous_7)","decl":{"start":{"line":112,"column":52},"end":{"line":112,"column":53}},"loc":{"start":{"line":112,"column":57},"end":{"line":112,"column":86}},"line":112}},"branchMap":{"0":{"loc":{"start":{"line":4,"column":19},"end":{"line":4,"column":84}},"type":"binary-expr","locations":[{"start":{"line":4,"column":19},"end":{"line":4,"column":41}},{"start":{"line":4,"column":45},"end":{"line":4,"column":84}}],"line":4},"1":{"loc":{"start":{"line":10,"column":17},"end":{"line":10,"column":47}},"type":"binary-expr","locations":[{"start":{"line":10,"column":17},"end":{"line":10,"column":39}},{"start":{"line":10,"column":43},"end":{"line":10,"column":47}}],"line":10},"2":{"loc":{"start":{"line":17,"column":2},"end":{"line":19,"column":3}},"type":"if","locations":[{"start":{"line":17,"column":2},"end":{"line":19,"column":3}},{"start":{},"end":{}}],"line":17},"3":{"loc":{"start":{"line":17,"column":6},"end":{"line":17,"column":54}},"type":"binary-expr","locations":[{"start":{"line":17,"column":6},"end":{"line":17,"column":17}},{"start":{"line":17,"column":21},"end":{"line":17,"column":54}}],"line":17},"4":{"loc":{"start":{"line":28,"column":4},"end":{"line":30,"column":5}},"type":"if","locations":[{"start":{"line":28,"column":4},"end":{"line":30,"column":5}},{"start":{},"end":{}}],"line":28},"5":{"loc":{"start":{"line":35,"column":4},"end":{"line":37,"column":5}},"type":"if","locations":[{"start":{"line":35,"column":4},"end":{"line":37,"column":5}},{"start":{},"end":{}}],"line":35},"6":{"loc":{"start":{"line":42,"column":27},"end":{"line":42,"column":57}},"type":"default-arg","locations":[{"start":{"line":42,"column":49},"end":{"line":42,"column":57}}],"line":42},"7":{"loc":{"start":{"line":45,"column":21},"end":{"line":45,"column":62}},"type":"binary-expr","locations":[{"start":{"line":45,"column":21},"end":{"line":45,"column":40}},{"start":{"line":45,"column":44},"end":{"line":45,"column":62}}],"line":45},"8":{"loc":{"start":{"line":47,"column":4},"end":{"line":49,"column":5}},"type":"if","locations":[{"start":{"line":47,"column":4},"end":{"line":49,"column":5}},{"start":{},"end":{}}],"line":47},"9":{"loc":{"start":{"line":58,"column":4},"end":{"line":60,"column":5}},"type":"if","locations":[{"start":{"line":58,"column":4},"end":{"line":60,"column":5}},{"start":{},"end":{}}],"line":58},"10":{"loc":{"start":{"line":63,"column":4},"end":{"line":67,"column":5}},"type":"if","locations":[{"start":{"line":63,"column":4},"end":{"line":67,"column":5}},{"start":{},"end":{}}],"line":63},"11":{"loc":{"start":{"line":63,"column":8},"end":{"line":63,"column":69}},"type":"binary-expr","locations":[{"start":{"line":63,"column":8},"end":{"line":63,"column":25}},{"start":{"line":63,"column":29},"end":{"line":63,"column":69}}],"line":63},"12":{"loc":{"start":{"line":70,"column":41},"end":{"line":70,"column":73}},"type":"binary-expr","locations":[{"start":{"line":70,"column":41},"end":{"line":70,"column":59}},{"start":{"line":70,"column":63},"end":{"line":70,"column":73}}],"line":70},"13":{"loc":{"start":{"line":73,"column":4},"end":{"line":75,"column":5}},"type":"if","locations":[{"start":{"line":73,"column":4},"end":{"line":75,"column":5}},{"start":{},"end":{}}],"line":73},"14":{"loc":{"start":{"line":82,"column":25},"end":{"line":82,"column":55}},"type":"default-arg","locations":[{"start":{"line":82,"column":47},"end":{"line":82,"column":55}}],"line":82},"15":{"loc":{"start":{"line":85,"column":19},"end":{"line":85,"column":56}},"type":"binary-expr","locations":[{"start":{"line":85,"column":19},"end":{"line":85,"column":36}},{"start":{"line":85,"column":40},"end":{"line":85,"column":56}}],"line":85},"16":{"loc":{"start":{"line":87,"column":4},"end":{"line":89,"column":5}},"type":"if","locations":[{"start":{"line":87,"column":4},"end":{"line":89,"column":5}},{"start":{},"end":{}}],"line":87},"17":{"loc":{"start":{"line":92,"column":4},"end":{"line":94,"column":5}},"type":"if","locations":[{"start":{"line":92,"column":4},"end":{"line":94,"column":5}},{"start":{},"end":{}}],"line":92},"18":{"loc":{"start":{"line":102,"column":4},"end":{"line":104,"column":5}},"type":"if","locations":[{"start":{"line":102,"column":4},"end":{"line":104,"column":5}},{"start":{},"end":{}}],"line":102},"19":{"loc":{"start":{"line":106,"column":4},"end":{"line":109,"column":5}},"type":"if","locations":[{"start":{"line":106,"column":4},"end":{"line":109,"column":5}},{"start":{},"end":{}}],"line":106},"20":{"loc":{"start":{"line":106,"column":8},"end":{"line":106,"column":69}},"type":"binary-expr","locations":[{"start":{"line":106,"column":8},"end":{"line":106,"column":25}},{"start":{"line":106,"column":29},"end":{"line":106,"column":69}}],"line":106},"21":{"loc":{"start":{"line":111,"column":41},"end":{"line":111,"column":73}},"type":"binary-expr","locations":[{"start":{"line":111,"column":41},"end":{"line":111,"column":59}},{"start":{"line":111,"column":63},"end":{"line":111,"column":73}}],"line":111},"22":{"loc":{"start":{"line":114,"column":4},"end":{"line":116,"column":5}},"type":"if","locations":[{"start":{"line":114,"column":4},"end":{"line":116,"column":5}},{"start":{},"end":{}}],"line":114}},"s":{"0":1,"1":1,"2":1,"3":3,"4":23,"5":23,"6":0,"7":23,"8":23,"9":23,"10":23,"11":23,"12":23,"13":0,"14":23,"15":23,"16":0,"17":0,"18":0,"19":5,"20":2,"21":2,"22":2,"23":0,"24":2,"25":2,"26":0,"27":2,"28":0,"29":0,"30":2,"31":2,"32":2,"33":2,"34":0,"35":2,"36":2,"37":7,"38":8,"39":8,"40":8,"41":0,"42":8,"43":8,"44":0,"45":8,"46":8,"47":0,"48":8,"49":0,"50":0,"51":8,"52":8,"53":8,"54":8,"55":0,"56":8,"57":8,"58":8,"59":1},"f":{"0":3,"1":23,"2":5,"3":2,"4":2,"5":7,"6":8,"7":8},"b":{"0":[1,0],"1":[3,3],"2":[0,23],"3":[23,23],"4":[0,23],"5":[0,0],"6":[0],"7":[2,0],"8":[0,2],"9":[0,2],"10":[0,2],"11":[2,0],"12":[2,0],"13":[0,2],"14":[0],"15":[8,8],"16":[0,8],"17":[0,8],"18":[0,8],"19":[0,8],"20":[8,1],"21":[8,0],"22":[0,8]},"_coverageSchema":"1a1c01bbd47fc00a2c39e90264f33305004495a9","hash":"fb7aa400c82ef139af42eda33ea2d487369e1690"}
,"/workspace/backend/src/routes/auth.js": {"path":"/workspace/backend/src/routes/auth.js","statementMap":{"0":{"start":{"line":1,"column":16},"end":{"line":1,"column":34}},"1":{"start":{"line":2,"column":15},"end":{"line":2,"column":34}},"2":{"start":{"line":3,"column":23},"end":{"line":3,"column":38}},"3":{"start":{"line":4,"column":35},"end":{"line":4,"column":63}},"4":{"start":{"line":5,"column":18},"end":{"line":5,"column":46}},"5":{"start":{"line":6,"column":40},"end":{"line":6,"column":69}},"6":{"start":{"line":8,"column":15},"end":{"line":8,"column":31}},"7":{"start":{"line":11,"column":0},"end":{"line":69,"column":3}},"8":{"start":{"line":16,"column":2},"end":{"line":68,"column":3}},"9":{"start":{"line":17,"column":19},"end":{"line":17,"column":40}},"10":{"start":{"line":18,"column":4},"end":{"line":20,"column":5}},"11":{"start":{"line":19,"column":6},"end":{"line":19,"column":62}},"12":{"start":{"line":22,"column":38},"end":{"line":22,"column":46}},"13":{"start":{"line":23,"column":15},"end":{"line":23,"column":22}},"14":{"start":{"line":25,"column":21},"end":{"line":25,"column":82}},"15":{"start":{"line":26,"column":4},"end":{"line":28,"column":5}},"16":{"start":{"line":27,"column":6},"end":{"line":27,"column":78}},"17":{"start":{"line":30,"column":25},"end":{"line":30,"column":56}},"18":{"start":{"line":31,"column":19},"end":{"line":31,"column":27}},"19":{"start":{"line":32,"column":21},"end":{"line":32,"column":29}},"20":{"start":{"line":34,"column":23},"end":{"line":37,"column":6}},"21":{"start":{"line":39,"column":25},"end":{"line":42,"column":6}},"22":{"start":{"line":44,"column":25},"end":{"line":47,"column":6}},"23":{"start":{"line":49,"column":24},"end":{"line":53,"column":6}},"24":{"start":{"line":50,"column":6},"end":{"line":50,"column":56}},"25":{"start":{"line":51,"column":6},"end":{"line":51,"column":60}},"26":{"start":{"line":52,"column":6},"end":{"line":52,"column":103}},"27":{"start":{"line":55,"column":4},"end":{"line":55,"column":18}},"28":{"start":{"line":57,"column":18},"end":{"line":57,"column":70}},"29":{"start":{"line":59,"column":4},"end":{"line":64,"column":7}},"30":{"start":{"line":66,"column":4},"end":{"line":66,"column":44}},"31":{"start":{"line":67,"column":4},"end":{"line":67,"column":66}},"32":{"start":{"line":72,"column":0},"end":{"line":114,"column":3}},"33":{"start":{"line":76,"column":2},"end":{"line":113,"column":3}},"34":{"start":{"line":77,"column":19},"end":{"line":77,"column":40}},"35":{"start":{"line":78,"column":4},"end":{"line":80,"column":5}},"36":{"start":{"line":79,"column":6},"end":{"line":79,"column":62}},"37":{"start":{"line":82,"column":32},"end":{"line":82,"column":40}},"38":{"start":{"line":83,"column":15},"end":{"line":83,"column":22}},"39":{"start":{"line":85,"column":17},"end":{"line":85,"column":77}},"40":{"start":{"line":86,"column":4},"end":{"line":88,"column":5}},"41":{"start":{"line":87,"column":6},"end":{"line":87,"column":71}},"42":{"start":{"line":90,"column":26},"end":{"line":90,"column":76}},"43":{"start":{"line":91,"column":4},"end":{"line":93,"column":5}},"44":{"start":{"line":92,"column":6},"end":{"line":92,"column":71}},"45":{"start":{"line":96,"column":21},"end":{"line":101,"column":19}},"46":{"start":{"line":103,"column":18},"end":{"line":103,"column":84}},"47":{"start":{"line":105,"column":4},"end":{"line":109,"column":7}},"48":{"start":{"line":111,"column":4},"end":{"line":111,"column":41}},"49":{"start":{"line":112,"column":4},"end":{"line":112,"column":63}},"50":{"start":{"line":117,"column":0},"end":{"line":131,"column":3}},"51":{"start":{"line":118,"column":13},"end":{"line":118,"column":20}},"52":{"start":{"line":120,"column":19},"end":{"line":125,"column":21}},"53":{"start":{"line":127,"column":2},"end":{"line":130,"column":5}},"54":{"start":{"line":134,"column":0},"end":{"line":180,"column":3}},"55":{"start":{"line":138,"column":2},"end":{"line":179,"column":3}},"56":{"start":{"line":139,"column":19},"end":{"line":139,"column":40}},"57":{"start":{"line":140,"column":4},"end":{"line":142,"column":5}},"58":{"start":{"line":141,"column":6},"end":{"line":141,"column":62}},"59":{"start":{"line":144,"column":33},"end":{"line":144,"column":41}},"60":{"start":{"line":145,"column":15},"end":{"line":145,"column":22}},"61":{"start":{"line":148,"column":28},"end":{"line":151,"column":34}},"62":{"start":{"line":153,"column":4},"end":{"line":155,"column":5}},"63":{"start":{"line":154,"column":6},"end":{"line":154,"column":86}},"64":{"start":{"line":157,"column":23},"end":{"line":157,"column":97}},"65":{"start":{"line":158,"column":4},"end":{"line":160,"column":5}},"66":{"start":{"line":159,"column":6},"end":{"line":159,"column":97}},"67":{"start":{"line":162,"column":27},"end":{"line":164,"column":36}},"68":{"start":{"line":166,"column":4},"end":{"line":168,"column":5}},"69":{"start":{"line":167,"column":6},"end":{"line":167,"column":89}},"70":{"start":{"line":170,"column":4},"end":{"line":173,"column":104}},"71":{"start":{"line":175,"column":4},"end":{"line":175,"column":69}},"72":{"start":{"line":177,"column":4},"end":{"line":177,"column":46}},"73":{"start":{"line":178,"column":4},"end":{"line":178,"column":62}},"74":{"start":{"line":182,"column":0},"end":{"line":182,"column":24}}},"fnMap":{"0":{"name":"(anonymous_0)","decl":{"start":{"line":15,"column":3},"end":{"line":15,"column":4}},"loc":{"start":{"line":15,"column":23},"end":{"line":69,"column":1}},"line":15},"1":{"name":"(anonymous_1)","decl":{"start":{"line":49,"column":39},"end":{"line":49,"column":40}},"loc":{"start":{"line":49,"column":45},"end":{"line":53,"column":5}},"line":49},"2":{"name":"(anonymous_2)","decl":{"start":{"line":75,"column":3},"end":{"line":75,"column":4}},"loc":{"start":{"line":75,"column":23},"end":{"line":114,"column":1}},"line":75},"3":{"name":"(anonymous_3)","decl":{"start":{"line":117,"column":32},"end":{"line":117,"column":33}},"loc":{"start":{"line":117,"column":46},"end":{"line":131,"column":1}},"line":117},"4":{"name":"(anonymous_4)","decl":{"start":{"line":137,"column":3},"end":{"line":137,"column":4}},"loc":{"start":{"line":137,"column":23},"end":{"line":180,"column":1}},"line":137}},"branchMap":{"0":{"loc":{"start":{"line":18,"column":4},"end":{"line":20,"column":5}},"type":"if","locations":[{"start":{"line":18,"column":4},"end":{"line":20,"column":5}},{"start":{},"end":{}}],"line":18},"1":{"loc":{"start":{"line":26,"column":4},"end":{"line":28,"column":5}},"type":"if","locations":[{"start":{"line":26,"column":4},"end":{"line":28,"column":5}},{"start":{},"end":{}}],"line":26},"2":{"loc":{"start":{"line":78,"column":4},"end":{"line":80,"column":5}},"type":"if","locations":[{"start":{"line":78,"column":4},"end":{"line":80,"column":5}},{"start":{},"end":{}}],"line":78},"3":{"loc":{"start":{"line":86,"column":4},"end":{"line":88,"column":5}},"type":"if","locations":[{"start":{"line":86,"column":4},"end":{"line":88,"column":5}},{"start":{},"end":{}}],"line":86},"4":{"loc":{"start":{"line":91,"column":4},"end":{"line":93,"column":5}},"type":"if","locations":[{"start":{"line":91,"column":4},"end":{"line":93,"column":5}},{"start":{},"end":{}}],"line":91},"5":{"loc":{"start":{"line":140,"column":4},"end":{"line":142,"column":5}},"type":"if","locations":[{"start":{"line":140,"column":4},"end":{"line":142,"column":5}},{"start":{},"end":{}}],"line":140},"6":{"loc":{"start":{"line":153,"column":4},"end":{"line":155,"column":5}},"type":"if","locations":[{"start":{"line":153,"column":4},"end":{"line":155,"column":5}},{"start":{},"end":{}}],"line":153},"7":{"loc":{"start":{"line":158,"column":4},"end":{"line":160,"column":5}},"type":"if","locations":[{"start":{"line":158,"column":4},"end":{"line":160,"column":5}},{"start":{},"end":{}}],"line":158},"8":{"loc":{"start":{"line":166,"column":4},"end":{"line":168,"column":5}},"type":"if","locations":[{"start":{"line":166,"column":4},"end":{"line":168,"column":5}},{"start":{},"end":{}}],"line":166}},"s":{"0":1,"1":1,"2":1,"3":1,"4":1,"5":1,"6":1,"7":1,"8":3,"9":3,"10":3,"11":0,"12":3,"13":3,"14":3,"15":3,"16":1,"17":2,"18":2,"19":2,"20":2,"21":2,"22":2,"23":2,"24":2,"25":2,"26":2,"27":2,"28":2,"29":2,"30":0,"31":0,"32":1,"33":2,"34":2,"35":2,"36":0,"37":2,"38":2,"39":2,"40":2,"41":0,"42":2,"43":2,"44":1,"45":1,"46":1,"47":1,"48":0,"49":0,"50":1,"51":1,"52":1,"53":1,"54":1,"55":0,"56":0,"57":0,"58":0,"59":0,"60":0,"61":0,"62":0,"63":0,"64":0,"65":0,"66":0,"67":0,"68":0,"69":0,"70":0,"71":0,"72":0,"73":0,"74":1},"f":{"0":3,"1":2,"2":2,"3":1,"4":0},"b":{"0":[0,3],"1":[1,2],"2":[0,2],"3":[0,2],"4":[1,1],"5":[0,0],"6":[0,0],"7":[0,0],"8":[0,0]},"_coverageSchema":"1a1c01bbd47fc00a2c39e90264f33305004495a9","hash":"e4287fa90766811d1c5d01b4e4801ab42c4a0ba0"}
,"/workspace/backend/src/routes/babies.js": {"path":"/workspace/backend/src/routes/babies.js","statementMap":{"0":{"start":{"line":1,"column":16},"end":{"line":1,"column":34}},"1":{"start":{"line":2,"column":23},"end":{"line":2,"column":38}},"2":{"start":{"line":3,"column":35},"end":{"line":3,"column":63}},"3":{"start":{"line":4,"column":18},"end":{"line":4,"column":46}},"4":{"start":{"line":5,"column":44},"end":{"line":5,"column":73}},"5":{"start":{"line":7,"column":15},"end":{"line":7,"column":31}},"6":{"start":{"line":10,"column":0},"end":{"line":61,"column":3}},"7":{"start":{"line":18,"column":17},"end":{"line":18,"column":38}},"8":{"start":{"line":19,"column":2},"end":{"line":21,"column":3}},"9":{"start":{"line":20,"column":4},"end":{"line":20,"column":60}},"10":{"start":{"line":23,"column":84},"end":{"line":23,"column":92}},"11":{"start":{"line":24,"column":13},"end":{"line":24,"column":20}},"12":{"start":{"line":27,"column":17},"end":{"line":30,"column":32}},"13":{"start":{"line":32,"column":2},"end":{"line":34,"column":3}},"14":{"start":{"line":33,"column":4},"end":{"line":33,"column":78}},"15":{"start":{"line":36,"column":22},"end":{"line":36,"column":60}},"16":{"start":{"line":37,"column":2},"end":{"line":39,"column":3}},"17":{"start":{"line":38,"column":4},"end":{"line":38,"column":78}},"18":{"start":{"line":41,"column":17},"end":{"line":41,"column":25}},"19":{"start":{"line":42,"column":2},"end":{"line":45,"column":112}},"20":{"start":{"line":48,"column":21},"end":{"line":50,"column":4}},"21":{"start":{"line":52,"column":26},"end":{"line":55,"column":4}},"22":{"start":{"line":53,"column":4},"end":{"line":53,"column":56}},"23":{"start":{"line":54,"column":4},"end":{"line":54,"column":55}},"24":{"start":{"line":57,"column":2},"end":{"line":57,"column":20}},"25":{"start":{"line":59,"column":15},"end":{"line":59,"column":74}},"26":{"start":{"line":60,"column":2},"end":{"line":60,"column":33}},"27":{"start":{"line":64,"column":0},"end":{"line":81,"column":3}},"28":{"start":{"line":65,"column":13},"end":{"line":65,"column":20}},"29":{"start":{"line":66,"column":17},"end":{"line":78,"column":29}},"30":{"start":{"line":80,"column":2},"end":{"line":80,"column":23}},"31":{"start":{"line":84,"column":0},"end":{"line":132,"column":3}},"32":{"start":{"line":85,"column":13},"end":{"line":85,"column":20}},"33":{"start":{"line":86,"column":15},"end":{"line":86,"column":85}},"34":{"start":{"line":88,"column":2},"end":{"line":90,"column":3}},"35":{"start":{"line":89,"column":4},"end":{"line":89,"column":65}},"36":{"start":{"line":93,"column":17},"end":{"line":96,"column":37}},"37":{"start":{"line":98,"column":2},"end":{"line":100,"column":3}},"38":{"start":{"line":99,"column":4},"end":{"line":99,"column":63}},"39":{"start":{"line":103,"column":16},"end":{"line":103,"column":104}},"40":{"start":{"line":106,"column":23},"end":{"line":129,"column":3}},"41":{"start":{"line":131,"column":2},"end":{"line":131,"column":49}},"42":{"start":{"line":135,"column":0},"end":{"line":174,"column":3}},"43":{"start":{"line":139,"column":13},"end":{"line":139,"column":20}},"44":{"start":{"line":140,"column":15},"end":{"line":140,"column":85}},"45":{"start":{"line":142,"column":2},"end":{"line":142,"column":74}},"46":{"start":{"line":142,"column":13},"end":{"line":142,"column":74}},"47":{"start":{"line":144,"column":17},"end":{"line":147,"column":37}},"48":{"start":{"line":149,"column":2},"end":{"line":149,"column":68}},"49":{"start":{"line":149,"column":15},"end":{"line":149,"column":68}},"50":{"start":{"line":151,"column":22},"end":{"line":151,"column":60}},"51":{"start":{"line":152,"column":2},"end":{"line":154,"column":3}},"52":{"start":{"line":153,"column":4},"end":{"line":153,"column":72}},"53":{"start":{"line":156,"column":73},"end":{"line":156,"column":81}},"54":{"start":{"line":157,"column":18},"end":{"line":157,"column":20}},"55":{"start":{"line":158,"column":17},"end":{"line":158,"column":19}},"56":{"start":{"line":160,"column":2},"end":{"line":160,"column":60}},"57":{"start":{"line":160,"column":14},"end":{"line":160,"column":39}},"58":{"start":{"line":160,"column":40},"end":{"line":160,"column":58}},"59":{"start":{"line":161,"column":2},"end":{"line":161,"column":78}},"60":{"start":{"line":161,"column":20},"end":{"line":161,"column":51}},"61":{"start":{"line":161,"column":52},"end":{"line":161,"column":76}},"62":{"start":{"line":162,"column":2},"end":{"line":162,"column":66}},"63":{"start":{"line":162,"column":16},"end":{"line":162,"column":43}},"64":{"start":{"line":162,"column":44},"end":{"line":162,"column":64}},"65":{"start":{"line":163,"column":2},"end":{"line":163,"column":93}},"66":{"start":{"line":163,"column":25},"end":{"line":163,"column":61}},"67":{"start":{"line":163,"column":62},"end":{"line":163,"column":91}},"68":{"start":{"line":164,"column":2},"end":{"line":164,"column":93}},"69":{"start":{"line":164,"column":25},"end":{"line":164,"column":61}},"70":{"start":{"line":164,"column":62},"end":{"line":164,"column":91}},"71":{"start":{"line":166,"column":2},"end":{"line":170,"column":3}},"72":{"start":{"line":167,"column":4},"end":{"line":167,"column":51}},"73":{"start":{"line":168,"column":4},"end":{"line":168,"column":35}},"74":{"start":{"line":169,"column":4},"end":{"line":169,"column":86}},"75":{"start":{"line":172,"column":18},"end":{"line":172,"column":88}},"76":{"start":{"line":173,"column":2},"end":{"line":173,"column":30}},"77":{"start":{"line":177,"column":0},"end":{"line":219,"column":3}},"78":{"start":{"line":181,"column":17},"end":{"line":181,"column":38}},"79":{"start":{"line":182,"column":2},"end":{"line":182,"column":81}},"80":{"start":{"line":182,"column":25},"end":{"line":182,"column":81}},"81":{"start":{"line":184,"column":38},"end":{"line":184,"column":46}},"82":{"start":{"line":185,"column":13},"end":{"line":185,"column":20}},"83":{"start":{"line":186,"column":15},"end":{"line":186,"column":85}},"84":{"start":{"line":188,"column":2},"end":{"line":188,"column":74}},"85":{"start":{"line":188,"column":13},"end":{"line":188,"column":74}},"86":{"start":{"line":190,"column":17},"end":{"line":193,"column":37}},"87":{"start":{"line":195,"column":2},"end":{"line":195,"column":68}},"88":{"start":{"line":195,"column":15},"end":{"line":195,"column":68}},"89":{"start":{"line":197,"column":22},"end":{"line":197,"column":60}},"90":{"start":{"line":198,"column":2},"end":{"line":200,"column":3}},"91":{"start":{"line":199,"column":4},"end":{"line":199,"column":59}},"92":{"start":{"line":203,"column":19},"end":{"line":205,"column":38}},"93":{"start":{"line":207,"column":2},"end":{"line":216,"column":3}},"94":{"start":{"line":208,"column":4},"end":{"line":211,"column":38}},"95":{"start":{"line":213,"column":4},"end":{"line":215,"column":65}},"96":{"start":{"line":218,"column":2},"end":{"line":218,"column":44}},"97":{"start":{"line":221,"column":0},"end":{"line":221,"column":24}}},"fnMap":{"0":{"name":"(anonymous_0)","decl":{"start":{"line":17,"column":3},"end":{"line":17,"column":4}},"loc":{"start":{"line":17,"column":17},"end":{"line":61,"column":1}},"line":17},"1":{"name":"(anonymous_1)","decl":{"start":{"line":52,"column":41},"end":{"line":52,"column":42}},"loc":{"start":{"line":52,"column":47},"end":{"line":55,"column":3}},"line":52},"2":{"name":"(anonymous_2)","decl":{"start":{"line":64,"column":75},"end":{"line":64,"column":76}},"loc":{"start":{"line":64,"column":89},"end":{"line":81,"column":1}},"line":64},"3":{"name":"(anonymous_3)","decl":{"start":{"line":84,"column":37},"end":{"line":84,"column":38}},"loc":{"start":{"line":84,"column":51},"end":{"line":132,"column":1}},"line":84},"4":{"name":"(anonymous_4)","decl":{"start":{"line":138,"column":3},"end":{"line":138,"column":4}},"loc":{"start":{"line":138,"column":17},"end":{"line":174,"column":1}},"line":138},"5":{"name":"(anonymous_5)","decl":{"start":{"line":180,"column":3},"end":{"line":180,"column":4}},"loc":{"start":{"line":180,"column":17},"end":{"line":219,"column":1}},"line":180}},"branchMap":{"0":{"loc":{"start":{"line":19,"column":2},"end":{"line":21,"column":3}},"type":"if","locations":[{"start":{"line":19,"column":2},"end":{"line":21,"column":3}},{"start":{},"end":{}}],"line":19},"1":{"loc":{"start":{"line":32,"column":2},"end":{"line":34,"column":3}},"type":"if","locations":[{"start":{"line":32,"column":2},"end":{"line":34,"column":3}},{"start":{},"end":{}}],"line":32},"2":{"loc":{"start":{"line":36,"column":33},"end":{"line":36,"column":59}},"type":"binary-expr","locations":[{"start":{"line":36,"column":33},"end":{"line":36,"column":51}},{"start":{"line":36,"column":55},"end":{"line":36,"column":59}}],"line":36},"3":{"loc":{"start":{"line":37,"column":2},"end":{"line":39,"column":3}},"type":"if","locations":[{"start":{"line":37,"column":2},"end":{"line":39,"column":3}},{"start":{},"end":{}}],"line":37},"4":{"loc":{"start":{"line":37,"column":6},"end":{"line":37,"column":70}},"type":"binary-expr","locations":[{"start":{"line":37,"column":6},"end":{"line":37,"column":36}},{"start":{"line":37,"column":40},"end":{"line":37,"column":70}}],"line":37},"5":{"loc":{"start":{"line":45,"column":46},"end":{"line":45,"column":60}},"type":"binary-expr","locations":[{"start":{"line":45,"column":46},"end":{"line":45,"column":52}},{"start":{"line":45,"column":56},"end":{"line":45,"column":60}}],"line":45},"6":{"loc":{"start":{"line":45,"column":62},"end":{"line":45,"column":85}},"type":"binary-expr","locations":[{"start":{"line":45,"column":62},"end":{"line":45,"column":77}},{"start":{"line":45,"column":81},"end":{"line":45,"column":85}}],"line":45},"7":{"loc":{"start":{"line":45,"column":87},"end":{"line":45,"column":110}},"type":"binary-expr","locations":[{"start":{"line":45,"column":87},"end":{"line":45,"column":102}},{"start":{"line":45,"column":106},"end":{"line":45,"column":110}}],"line":45},"8":{"loc":{"start":{"line":88,"column":2},"end":{"line":90,"column":3}},"type":"if","locations":[{"start":{"line":88,"column":2},"end":{"line":90,"column":3}},{"start":{},"end":{}}],"line":88},"9":{"loc":{"start":{"line":98,"column":2},"end":{"line":100,"column":3}},"type":"if","locations":[{"start":{"line":98,"column":2},"end":{"line":100,"column":3}},{"start":{},"end":{}}],"line":98},"10":{"loc":{"start":{"line":142,"column":2},"end":{"line":142,"column":74}},"type":"if","locations":[{"start":{"line":142,"column":2},"end":{"line":142,"column":74}},{"start":{},"end":{}}],"line":142},"11":{"loc":{"start":{"line":149,"column":2},"end":{"line":149,"column":68}},"type":"if","locations":[{"start":{"line":149,"column":2},"end":{"line":149,"column":68}},{"start":{},"end":{}}],"line":149},"12":{"loc":{"start":{"line":151,"column":33},"end":{"line":151,"column":59}},"type":"binary-expr","locations":[{"start":{"line":151,"column":33},"end":{"line":151,"column":51}},{"start":{"line":151,"column":55},"end":{"line":151,"column":59}}],"line":151},"13":{"loc":{"start":{"line":152,"column":2},"end":{"line":154,"column":3}},"type":"if","locations":[{"start":{"line":152,"column":2},"end":{"line":154,"column":3}},{"start":{},"end":{}}],"line":152},"14":{"loc":{"start":{"line":152,"column":6},"end":{"line":152,"column":70}},"type":"binary-expr","locations":[{"start":{"line":152,"column":6},"end":{"line":152,"column":36}},{"start":{"line":152,"column":40},"end":{"line":152,"column":70}}],"line":152},"15":{"loc":{"start":{"line":160,"column":2},"end":{"line":160,"column":60}},"type":"if","locations":[{"start":{"line":160,"column":2},"end":{"line":160,"column":60}},{"start":{},"end":{}}],"line":160},"16":{"loc":{"start":{"line":161,"column":2},"end":{"line":161,"column":78}},"type":"if","locations":[{"start":{"line":161,"column":2},"end":{"line":161,"column":78}},{"start":{},"end":{}}],"line":161},"17":{"loc":{"start":{"line":162,"column":2},"end":{"line":162,"column":66}},"type":"if","locations":[{"start":{"line":162,"column":2},"end":{"line":162,"column":66}},{"start":{},"end":{}}],"line":162},"18":{"loc":{"start":{"line":163,"column":2},"end":{"line":163,"column":93}},"type":"if","locations":[{"start":{"line":163,"column":2},"end":{"line":163,"column":93}},{"start":{},"end":{}}],"line":163},"19":{"loc":{"start":{"line":164,"column":2},"end":{"line":164,"column":93}},"type":"if","locations":[{"start":{"line":164,"column":2},"end":{"line":164,"column":93}},{"start":{},"end":{}}],"line":164},"20":{"loc":{"start":{"line":166,"column":2},"end":{"line":170,"column":3}},"type":"if","locations":[{"start":{"line":166,"column":2},"end":{"line":170,"column":3}},{"start":{},"end":{}}],"line":166},"21":{"loc":{"start":{"line":182,"column":2},"end":{"line":182,"column":81}},"type":"if","locations":[{"start":{"line":182,"column":2},"end":{"line":182,"column":81}},{"start":{},"end":{}}],"line":182},"22":{"loc":{"start":{"line":188,"column":2},"end":{"line":188,"column":74}},"type":"if","locations":[{"start":{"line":188,"column":2},"end":{"line":188,"column":74}},{"start":{},"end":{}}],"line":188},"23":{"loc":{"start":{"line":195,"column":2},"end":{"line":195,"column":68}},"type":"if","locations":[{"start":{"line":195,"column":2},"end":{"line":195,"column":68}},{"start":{},"end":{}}],"line":195},"24":{"loc":{"start":{"line":197,"column":33},"end":{"line":197,"column":59}},"type":"binary-expr","locations":[{"start":{"line":197,"column":33},"end":{"line":197,"column":51}},{"start":{"line":197,"column":55},"end":{"line":197,"column":59}}],"line":197},"25":{"loc":{"start":{"line":198,"column":2},"end":{"line":200,"column":3}},"type":"if","locations":[{"start":{"line":198,"column":2},"end":{"line":200,"column":3}},{"start":{},"end":{}}],"line":198},"26":{"loc":{"start":{"line":198,"column":6},"end":{"line":198,"column":70}},"type":"binary-expr","locations":[{"start":{"line":198,"column":6},"end":{"line":198,"column":36}},{"start":{"line":198,"column":40},"end":{"line":198,"column":70}}],"line":198},"27":{"loc":{"start":{"line":207,"column":2},"end":{"line":216,"column":3}},"type":"if","locations":[{"start":{"line":207,"column":2},"end":{"line":216,"column":3}},{"start":{"line":212,"column":9},"end":{"line":216,"column":3}}],"line":207}},"s":{"0":1,"1":1,"2":1,"3":1,"4":1,"5":1,"6":1,"7":1,"8":1,"9":0,"10":1,"11":1,"12":1,"13":1,"14":0,"15":1,"16":1,"17":0,"18":1,"19":1,"20":1,"21":1,"22":1,"23":1,"24":1,"25":1,"26":1,"27":1,"28":1,"29":1,"30":1,"31":1,"32":1,"33":1,"34":1,"35":0,"36":1,"37":1,"38":0,"39":1,"40":1,"41":1,"42":1,"43":0,"44":0,"45":0,"46":0,"47":0,"48":0,"49":0,"50":0,"51":0,"52":0,"53":0,"54":0,"55":0,"56":0,"57":0,"58":0,"59":0,"60":0,"61":0,"62":0,"63":0,"64":0,"65":0,"66":0,"67":0,"68":0,"69":0,"70":0,"71":0,"72":0,"73":0,"74":0,"75":0,"76":0,"77":1,"78":1,"79":1,"80":0,"81":1,"82":1,"83":1,"84":1,"85":0,"86":1,"87":1,"88":0,"89":1,"90":1,"91":0,"92":1,"93":1,"94":1,"95":0,"96":1,"97":1},"f":{"0":1,"1":1,"2":1,"3":1,"4":0,"5":1},"b":{"0":[0,1],"1":[0,1],"2":[1,0],"3":[0,1],"4":[1,0],"5":[1,0],"6":[1,0],"7":[1,0],"8":[0,1],"9":[0,1],"10":[0,0],"11":[0,0],"12":[0,0],"13":[0,0],"14":[0,0],"15":[0,0],"16":[0,0],"17":[0,0],"18":[0,0],"19":[0,0],"20":[0,0],"21":[0,1],"22":[0,1],"23":[0,1],"24":[1,0],"25":[0,1],"26":[1,0],"27":[1,0]},"_coverageSchema":"1a1c01bbd47fc00a2c39e90264f33305004495a9","hash":"cb527277e70ec8169058e61d5ac7cab9fdf81445"}
,"/workspace/backend/src/routes/notifications.js": {"path":"/workspace/backend/src/routes/notifications.js","statementMap":{"0":{"start":{"line":1,"column":16},"end":{"line":1,"column":34}},"1":{"start":{"line":2,"column":23},"end":{"line":2,"column":38}},"2":{"start":{"line":3,"column":35},"end":{"line":3,"column":63}},"3":{"start":{"line":4,"column":18},"end":{"line":4,"column":46}},"4":{"start":{"line":5,"column":25},"end":{"line":5,"column":54}},"5":{"start":{"line":7,"column":15},"end":{"line":7,"column":31}},"6":{"start":{"line":10,"column":0},"end":{"line":37,"column":3}},"7":{"start":{"line":11,"column":13},"end":{"line":11,"column":20}},"8":{"start":{"line":12,"column":16},"end":{"line":12,"column":47}},"9":{"start":{"line":13,"column":21},"end":{"line":13,"column":48}},"10":{"start":{"line":15,"column":12},"end":{"line":20,"column":3}},"11":{"start":{"line":21,"column":17},"end":{"line":21,"column":30}},"12":{"start":{"line":23,"column":2},"end":{"line":25,"column":3}},"13":{"start":{"line":24,"column":4},"end":{"line":24,"column":32}},"14":{"start":{"line":27,"column":2},"end":{"line":27,"column":47}},"15":{"start":{"line":28,"column":2},"end":{"line":28,"column":21}},"16":{"start":{"line":30,"column":24},"end":{"line":30,"column":54}},"17":{"start":{"line":32,"column":22},"end":{"line":34,"column":21}},"18":{"start":{"line":36,"column":2},"end":{"line":36,"column":63}},"19":{"start":{"line":40,"column":0},"end":{"line":45,"column":3}},"20":{"start":{"line":41,"column":13},"end":{"line":41,"column":20}},"21":{"start":{"line":42,"column":2},"end":{"line":43,"column":37}},"22":{"start":{"line":44,"column":2},"end":{"line":44,"column":46}},"23":{"start":{"line":48,"column":0},"end":{"line":53,"column":3}},"24":{"start":{"line":49,"column":13},"end":{"line":49,"column":20}},"25":{"start":{"line":50,"column":2},"end":{"line":51,"column":22}},"26":{"start":{"line":52,"column":2},"end":{"line":52,"column":54}},"27":{"start":{"line":56,"column":0},"end":{"line":77,"column":3}},"28":{"start":{"line":60,"column":17},"end":{"line":60,"column":38}},"29":{"start":{"line":61,"column":2},"end":{"line":61,"column":81}},"30":{"start":{"line":61,"column":25},"end":{"line":61,"column":81}},"31":{"start":{"line":63,"column":30},"end":{"line":63,"column":38}},"32":{"start":{"line":64,"column":13},"end":{"line":64,"column":20}},"33":{"start":{"line":67,"column":19},"end":{"line":68,"column":28}},"34":{"start":{"line":70,"column":2},"end":{"line":74,"column":3}},"35":{"start":{"line":71,"column":4},"end":{"line":73,"column":51}},"36":{"start":{"line":76,"column":2},"end":{"line":76,"column":44}},"37":{"start":{"line":80,"column":0},"end":{"line":85,"column":3}},"38":{"start":{"line":81,"column":13},"end":{"line":81,"column":20}},"39":{"start":{"line":82,"column":2},"end":{"line":83,"column":40}},"40":{"start":{"line":84,"column":2},"end":{"line":84,"column":43}},"41":{"start":{"line":87,"column":0},"end":{"line":87,"column":24}}},"fnMap":{"0":{"name":"(anonymous_0)","decl":{"start":{"line":10,"column":30},"end":{"line":10,"column":31}},"loc":{"start":{"line":10,"column":44},"end":{"line":37,"column":1}},"line":10},"1":{"name":"(anonymous_1)","decl":{"start":{"line":40,"column":40},"end":{"line":40,"column":41}},"loc":{"start":{"line":40,"column":54},"end":{"line":45,"column":1}},"line":40},"2":{"name":"(anonymous_2)","decl":{"start":{"line":48,"column":40},"end":{"line":48,"column":41}},"loc":{"start":{"line":48,"column":54},"end":{"line":53,"column":1}},"line":48},"3":{"name":"(anonymous_3)","decl":{"start":{"line":59,"column":3},"end":{"line":59,"column":4}},"loc":{"start":{"line":59,"column":17},"end":{"line":77,"column":1}},"line":59},"4":{"name":"(anonymous_4)","decl":{"start":{"line":80,"column":50},"end":{"line":80,"column":51}},"loc":{"start":{"line":80,"column":64},"end":{"line":85,"column":1}},"line":80}},"branchMap":{"0":{"loc":{"start":{"line":12,"column":16},"end":{"line":12,"column":47}},"type":"binary-expr","locations":[{"start":{"line":12,"column":16},"end":{"line":12,"column":41}},{"start":{"line":12,"column":45},"end":{"line":12,"column":47}}],"line":12},"1":{"loc":{"start":{"line":23,"column":2},"end":{"line":25,"column":3}},"type":"if","locations":[{"start":{"line":23,"column":2},"end":{"line":25,"column":3}},{"start":{},"end":{}}],"line":23},"2":{"loc":{"start":{"line":61,"column":2},"end":{"line":61,"column":81}},"type":"if","locations":[{"start":{"line":61,"column":2},"end":{"line":61,"column":81}},{"start":{},"end":{}}],"line":61},"3":{"loc":{"start":{"line":70,"column":2},"end":{"line":74,"column":3}},"type":"if","locations":[{"start":{"line":70,"column":2},"end":{"line":74,"column":3}},{"start":{},"end":{}}],"line":70}},"s":{"0":1,"1":1,"2":1,"3":1,"4":1,"5":1,"6":1,"7":1,"8":1,"9":1,"10":1,"11":1,"12":1,"13":0,"14":1,"15":1,"16":1,"17":1,"18":1,"19":1,"20":0,"21":0,"22":0,"23":1,"24":0,"25":0,"26":0,"27":1,"28":1,"29":1,"30":0,"31":1,"32":1,"33":1,"34":1,"35":1,"36":1,"37":1,"38":0,"39":0,"40":0,"41":1},"f":{"0":1,"1":0,"2":0,"3":1,"4":0},"b":{"0":[1,1],"1":[0,1],"2":[0,1],"3":[1,0]},"_coverageSchema":"1a1c01bbd47fc00a2c39e90264f33305004495a9","hash":"6c57886b0930d286b27091bb8bda621107670cda"}
,"/workspace/backend/src/routes/sharing.js": {"path":"/workspace/backend/src/routes/sharing.js","statementMap":{"0":{"start":{"line":1,"column":16},"end":{"line":1,"column":34}},"1":{"start":{"line":2,"column":23},"end":{"line":2,"column":38}},"2":{"start":{"line":3,"column":27},"end":{"line":3,"column":44}},"3":{"start":{"line":4,"column":35},"end":{"line":4,"column":63}},"4":{"start":{"line":5,"column":18},"end":{"line":5,"column":46}},"5":{"start":{"line":6,"column":44},"end":{"line":6,"column":73}},"6":{"start":{"line":8,"column":15},"end":{"line":8,"column":31}},"7":{"start":{"line":11,"column":21},"end":{"line":11,"column":74}},"8":{"start":{"line":14,"column":0},"end":{"line":64,"column":3}},"9":{"start":{"line":21,"column":2},"end":{"line":63,"column":3}},"10":{"start":{"line":22,"column":19},"end":{"line":22,"column":40}},"11":{"start":{"line":23,"column":4},"end":{"line":25,"column":5}},"12":{"start":{"line":24,"column":6},"end":{"line":24,"column":62}},"13":{"start":{"line":27,"column":96},"end":{"line":27,"column":104}},"14":{"start":{"line":28,"column":15},"end":{"line":28,"column":22}},"15":{"start":{"line":31,"column":19},"end":{"line":34,"column":34}},"16":{"start":{"line":36,"column":4},"end":{"line":38,"column":5}},"17":{"start":{"line":37,"column":6},"end":{"line":37,"column":94}},"18":{"start":{"line":40,"column":17},"end":{"line":40,"column":31}},"19":{"start":{"line":41,"column":22},"end":{"line":41,"column":92}},"20":{"start":{"line":43,"column":4},"end":{"line":50,"column":6}},"21":{"start":{"line":52,"column":4},"end":{"line":59,"column":7}},"22":{"start":{"line":61,"column":4},"end":{"line":61,"column":47}},"23":{"start":{"line":62,"column":4},"end":{"line":62,"column":61}},"24":{"start":{"line":67,"column":0},"end":{"line":146,"column":3}},"25":{"start":{"line":70,"column":2},"end":{"line":145,"column":3}},"26":{"start":{"line":71,"column":19},"end":{"line":71,"column":40}},"27":{"start":{"line":72,"column":4},"end":{"line":74,"column":5}},"28":{"start":{"line":73,"column":6},"end":{"line":73,"column":62}},"29":{"start":{"line":76,"column":21},"end":{"line":76,"column":29}},"30":{"start":{"line":77,"column":15},"end":{"line":77,"column":22}},"31":{"start":{"line":79,"column":24},"end":{"line":84,"column":30}},"32":{"start":{"line":86,"column":4},"end":{"line":88,"column":5}},"33":{"start":{"line":87,"column":6},"end":{"line":87,"column":69}},"34":{"start":{"line":90,"column":4},"end":{"line":92,"column":5}},"35":{"start":{"line":91,"column":6},"end":{"line":91,"column":72}},"36":{"start":{"line":94,"column":4},"end":{"line":96,"column":5}},"37":{"start":{"line":95,"column":6},"end":{"line":95,"column":92}},"38":{"start":{"line":99,"column":27},"end":{"line":101,"column":46}},"39":{"start":{"line":103,"column":4},"end":{"line":129,"column":5}},"40":{"start":{"line":104,"column":6},"end":{"line":106,"column":7}},"41":{"start":{"line":105,"column":8},"end":{"line":105,"column":82}},"42":{"start":{"line":108,"column":24},"end":{"line":110,"column":14}},"43":{"start":{"line":112,"column":6},"end":{"line":115,"column":86}},"44":{"start":{"line":117,"column":24},"end":{"line":119,"column":14}},"45":{"start":{"line":121,"column":6},"end":{"line":128,"column":8}},"46":{"start":{"line":132,"column":4},"end":{"line":132,"column":92}},"47":{"start":{"line":134,"column":4},"end":{"line":141,"column":7}},"48":{"start":{"line":143,"column":4},"end":{"line":143,"column":47}},"49":{"start":{"line":144,"column":4},"end":{"line":144,"column":63}},"50":{"start":{"line":149,"column":0},"end":{"line":162,"column":3}},"51":{"start":{"line":150,"column":13},"end":{"line":150,"column":20}},"52":{"start":{"line":152,"column":18},"end":{"line":159,"column":29}},"53":{"start":{"line":161,"column":2},"end":{"line":161,"column":24}},"54":{"start":{"line":165,"column":0},"end":{"line":190,"column":3}},"55":{"start":{"line":166,"column":13},"end":{"line":166,"column":20}},"56":{"start":{"line":168,"column":17},"end":{"line":170,"column":50}},"57":{"start":{"line":172,"column":2},"end":{"line":174,"column":3}},"58":{"start":{"line":173,"column":4},"end":{"line":173,"column":68}},"59":{"start":{"line":176,"column":2},"end":{"line":185,"column":3}},"60":{"start":{"line":177,"column":24},"end":{"line":180,"column":31}},"61":{"start":{"line":182,"column":4},"end":{"line":184,"column":5}},"62":{"start":{"line":183,"column":6},"end":{"line":183,"column":96}},"63":{"start":{"line":187,"column":2},"end":{"line":187,"column":94}},"64":{"start":{"line":189,"column":2},"end":{"line":189,"column":56}},"65":{"start":{"line":193,"column":0},"end":{"line":231,"column":3}},"66":{"start":{"line":197,"column":17},"end":{"line":197,"column":38}},"67":{"start":{"line":198,"column":2},"end":{"line":200,"column":3}},"68":{"start":{"line":199,"column":4},"end":{"line":199,"column":60}},"69":{"start":{"line":202,"column":38},"end":{"line":202,"column":46}},"70":{"start":{"line":203,"column":13},"end":{"line":203,"column":20}},"71":{"start":{"line":205,"column":17},"end":{"line":207,"column":50}},"72":{"start":{"line":209,"column":2},"end":{"line":211,"column":3}},"73":{"start":{"line":210,"column":4},"end":{"line":210,"column":68}},"74":{"start":{"line":213,"column":18},"end":{"line":213,"column":20}},"75":{"start":{"line":214,"column":17},"end":{"line":214,"column":19}},"76":{"start":{"line":216,"column":2},"end":{"line":219,"column":3}},"77":{"start":{"line":217,"column":4},"end":{"line":217,"column":36}},"78":{"start":{"line":218,"column":4},"end":{"line":218,"column":45}},"79":{"start":{"line":220,"column":2},"end":{"line":223,"column":3}},"80":{"start":{"line":221,"column":4},"end":{"line":221,"column":35}},"81":{"start":{"line":222,"column":4},"end":{"line":222,"column":28}},"82":{"start":{"line":225,"column":2},"end":{"line":228,"column":3}},"83":{"start":{"line":226,"column":4},"end":{"line":226,"column":37}},"84":{"start":{"line":227,"column":4},"end":{"line":227,"column":94}},"85":{"start":{"line":230,"column":2},"end":{"line":230,"column":49}},"86":{"start":{"line":234,"column":0},"end":{"line":246,"column":3}},"87":{"start":{"line":235,"column":13},"end":{"line":235,"column":20}},"88":{"start":{"line":237,"column":16},"end":{"line":243,"column":29}},"89":{"start":{"line":245,"column":2},"end":{"line":245,"column":22}},"90":{"start":{"line":249,"column":0},"end":{"line":265,"column":3}},"91":{"start":{"line":250,"column":13},"end":{"line":250,"column":20}},"92":{"start":{"line":252,"column":15},"end":{"line":256,"column":40}},"93":{"start":{"line":258,"column":2},"end":{"line":260,"column":3}},"94":{"start":{"line":259,"column":4},"end":{"line":259,"column":67}},"95":{"start":{"line":262,"column":2},"end":{"line":262,"column":78}},"96":{"start":{"line":264,"column":2},"end":{"line":264,"column":44}},"97":{"start":{"line":267,"column":0},"end":{"line":267,"column":24}}},"fnMap":{"0":{"name":"(anonymous_0)","decl":{"start":{"line":20,"column":3},"end":{"line":20,"column":4}},"loc":{"start":{"line":20,"column":17},"end":{"line":64,"column":1}},"line":20},"1":{"name":"(anonymous_1)","decl":{"start":{"line":69,"column":3},"end":{"line":69,"column":4}},"loc":{"start":{"line":69,"column":17},"end":{"line":146,"column":1}},"line":69},"2":{"name":"(anonymous_2)","decl":{"start":{"line":149,"column":83},"end":{"line":149,"column":84}},"loc":{"start":{"line":149,"column":97},"end":{"line":162,"column":1}},"line":149},"3":{"name":"(anonymous_3)","decl":{"start":{"line":165,"column":97},"end":{"line":165,"column":98}},"loc":{"start":{"line":165,"column":111},"end":{"line":190,"column":1}},"line":165},"4":{"name":"(anonymous_4)","decl":{"start":{"line":196,"column":3},"end":{"line":196,"column":4}},"loc":{"start":{"line":196,"column":17},"end":{"line":231,"column":1}},"line":196},"5":{"name":"(anonymous_5)","decl":{"start":{"line":234,"column":82},"end":{"line":234,"column":83}},"loc":{"start":{"line":234,"column":96},"end":{"line":246,"column":1}},"line":234},"6":{"name":"(anonymous_6)","decl":{"start":{"line":249,"column":46},"end":{"line":249,"column":47}},"loc":{"start":{"line":249,"column":60},"end":{"line":265,"column":1}},"line":249}},"branchMap":{"0":{"loc":{"start":{"line":23,"column":4},"end":{"line":25,"column":5}},"type":"if","locations":[{"start":{"line":23,"column":4},"end":{"line":25,"column":5}},{"start":{},"end":{}}],"line":23},"1":{"loc":{"start":{"line":36,"column":4},"end":{"line":38,"column":5}},"type":"if","locations":[{"start":{"line":36,"column":4},"end":{"line":38,"column":5}},{"start":{},"end":{}}],"line":36},"2":{"loc":{"start":{"line":49,"column":6},"end":{"line":49,"column":19}},"type":"binary-expr","locations":[{"start":{"line":49,"column":6},"end":{"line":49,"column":14}},{"start":{"line":49,"column":18},"end":{"line":49,"column":19}}],"line":49},"3":{"loc":{"start":{"line":49,"column":21},"end":{"line":49,"column":50}},"type":"binary-expr","locations":[{"start":{"line":49,"column":21},"end":{"line":49,"column":42}},{"start":{"line":49,"column":46},"end":{"line":49,"column":50}}],"line":49},"4":{"loc":{"start":{"line":57,"column":29},"end":{"line":57,"column":58}},"type":"binary-expr","locations":[{"start":{"line":57,"column":29},"end":{"line":57,"column":50}},{"start":{"line":57,"column":54},"end":{"line":57,"column":58}}],"line":57},"5":{"loc":{"start":{"line":58,"column":69},"end":{"line":58,"column":115}},"type":"cond-expr","locations":[{"start":{"line":58,"column":88},"end":{"line":58,"column":99}},{"start":{"line":58,"column":102},"end":{"line":58,"column":115}}],"line":58},"6":{"loc":{"start":{"line":72,"column":4},"end":{"line":74,"column":5}},"type":"if","locations":[{"start":{"line":72,"column":4},"end":{"line":74,"column":5}},{"start":{},"end":{}}],"line":72},"7":{"loc":{"start":{"line":86,"column":4},"end":{"line":88,"column":5}},"type":"if","locations":[{"start":{"line":86,"column":4},"end":{"line":88,"column":5}},{"start":{},"end":{}}],"line":86},"8":{"loc":{"start":{"line":90,"column":4},"end":{"line":92,"column":5}},"type":"if","locations":[{"start":{"line":90,"column":4},"end":{"line":92,"column":5}},{"start":{},"end":{}}],"line":90},"9":{"loc":{"start":{"line":94,"column":4},"end":{"line":96,"column":5}},"type":"if","locations":[{"start":{"line":94,"column":4},"end":{"line":96,"column":5}},{"start":{},"end":{}}],"line":94},"10":{"loc":{"start":{"line":103,"column":4},"end":{"line":129,"column":5}},"type":"if","locations":[{"start":{"line":103,"column":4},"end":{"line":129,"column":5}},{"start":{"line":116,"column":11},"end":{"line":129,"column":5}}],"line":103},"11":{"loc":{"start":{"line":104,"column":6},"end":{"line":106,"column":7}},"type":"if","locations":[{"start":{"line":104,"column":6},"end":{"line":106,"column":7}},{"start":{},"end":{}}],"line":104},"12":{"loc":{"start":{"line":108,"column":24},"end":{"line":110,"column":14}},"type":"cond-expr","locations":[{"start":{"line":109,"column":10},"end":{"line":109,"column":97}},{"start":{"line":110,"column":10},"end":{"line":110,"column":14}}],"line":108},"13":{"loc":{"start":{"line":117,"column":24},"end":{"line":119,"column":14}},"type":"cond-expr","locations":[{"start":{"line":118,"column":10},"end":{"line":118,"column":97}},{"start":{"line":119,"column":10},"end":{"line":119,"column":14}}],"line":117},"14":{"loc":{"start":{"line":138,"column":18},"end":{"line":140,"column":14}},"type":"cond-expr","locations":[{"start":{"line":139,"column":10},"end":{"line":139,"column":97}},{"start":{"line":140,"column":10},"end":{"line":140,"column":14}}],"line":138},"15":{"loc":{"start":{"line":172,"column":2},"end":{"line":174,"column":3}},"type":"if","locations":[{"start":{"line":172,"column":2},"end":{"line":174,"column":3}},{"start":{},"end":{}}],"line":172},"16":{"loc":{"start":{"line":176,"column":2},"end":{"line":185,"column":3}},"type":"if","locations":[{"start":{"line":176,"column":2},"end":{"line":185,"column":3}},{"start":{},"end":{}}],"line":176},"17":{"loc":{"start":{"line":182,"column":4},"end":{"line":184,"column":5}},"type":"if","locations":[{"start":{"line":182,"column":4},"end":{"line":184,"column":5}},{"start":{},"end":{}}],"line":182},"18":{"loc":{"start":{"line":198,"column":2},"end":{"line":200,"column":3}},"type":"if","locations":[{"start":{"line":198,"column":2},"end":{"line":200,"column":3}},{"start":{},"end":{}}],"line":198},"19":{"loc":{"start":{"line":209,"column":2},"end":{"line":211,"column":3}},"type":"if","locations":[{"start":{"line":209,"column":2},"end":{"line":211,"column":3}},{"start":{},"end":{}}],"line":209},"20":{"loc":{"start":{"line":216,"column":2},"end":{"line":219,"column":3}},"type":"if","locations":[{"start":{"line":216,"column":2},"end":{"line":219,"column":3}},{"start":{},"end":{}}],"line":216},"21":{"loc":{"start":{"line":220,"column":2},"end":{"line":223,"column":3}},"type":"if","locations":[{"start":{"line":220,"column":2},"end":{"line":223,"column":3}},{"start":{},"end":{}}],"line":220},"22":{"loc":{"start":{"line":225,"column":2},"end":{"line":228,"column":3}},"type":"if","locations":[{"start":{"line":225,"column":2},"end":{"line":228,"column":3}},{"start":{},"end":{}}],"line":225},"23":{"loc":{"start":{"line":258,"column":2},"end":{"line":260,"column":3}},"type":"if","locations":[{"start":{"line":258,"column":2},"end":{"line":260,"column":3}},{"start":{},"end":{}}],"line":258}},"s":{"0":1,"1":1,"2":1,"3":1,"4":1,"5":1,"6":1,"7":1,"8":1,"9":1,"10":1,"11":1,"12":0,"13":1,"14":1,"15":1,"16":1,"17":0,"18":1,"19":1,"20":1,"21":1,"22":0,"23":0,"24":1,"25":1,"26":1,"27":1,"28":0,"29":1,"30":1,"31":1,"32":1,"33":0,"34":1,"35":0,"36":1,"37":0,"38":1,"39":1,"40":0,"41":0,"42":0,"43":0,"44":1,"45":1,"46":1,"47":1,"48":0,"49":0,"50":1,"51":1,"52":1,"53":1,"54":1,"55":0,"56":0,"57":0,"58":0,"59":0,"60":0,"61":0,"62":0,"63":0,"64":0,"65":1,"66":0,"67":0,"68":0,"69":0,"70":0,"71":0,"72":0,"73":0,"74":0,"75":0,"76":0,"77":0,"78":0,"79":0,"80":0,"81":0,"82":0,"83":0,"84":0,"85":0,"86":1,"87":0,"88":0,"89":0,"90":1,"91":0,"92":0,"93":0,"94":0,"95":0,"96":0,"97":1},"f":{"0":1,"1":1,"2":1,"3":0,"4":0,"5":0,"6":0},"b":{"0":[0,1],"1":[0,1],"2":[1,1],"3":[1,0],"4":[1,0],"5":[1,0],"6":[0,1],"7":[0,1],"8":[0,1],"9":[0,1],"10":[0,1],"11":[0,0],"12":[0,0],"13":[1,0],"14":[1,0],"15":[0,0],"16":[0,0],"17":[0,0],"18":[0,0],"19":[0,0],"20":[0,0],"21":[0,0],"22":[0,0],"23":[0,0]},"_coverageSchema":"1a1c01bbd47fc00a2c39e90264f33305004495a9","hash":"f164a5e2404fd0e5aaf8df75771c1c0b784d4c4a"}
,"/workspace/backend/src/routes/tracking.js": {"path":"/workspace/backend/src/routes/tracking.js","statementMap":{"0":{"start":{"line":1,"column":16},"end":{"line":1,"column":34}},"1":{"start":{"line":2,"column":23},"end":{"line":2,"column":38}},"2":{"start":{"line":3,"column":42},"end":{"line":3,"column":70}},"3":{"start":{"line":4,"column":18},"end":{"line":4,"column":46}},"4":{"start":{"line":5,"column":42},"end":{"line":5,"column":71}},"5":{"start":{"line":6,"column":32},"end":{"line":6,"column":68}},"6":{"start":{"line":8,"column":15},"end":{"line":8,"column":31}},"7":{"start":{"line":13,"column":0},"end":{"line":39,"column":3}},"8":{"start":{"line":21,"column":17},"end":{"line":21,"column":38}},"9":{"start":{"line":22,"column":2},"end":{"line":22,"column":81}},"10":{"start":{"line":22,"column":25},"end":{"line":22,"column":81}},"11":{"start":{"line":24,"column":92},"end":{"line":24,"column":100}},"12":{"start":{"line":25,"column":13},"end":{"line":25,"column":20}},"13":{"start":{"line":26,"column":13},"end":{"line":26,"column":21}},"14":{"start":{"line":28,"column":2},"end":{"line":31,"column":145}},"15":{"start":{"line":33,"column":18},"end":{"line":33,"column":75}},"16":{"start":{"line":36,"column":2},"end":{"line":36,"column":45}},"17":{"start":{"line":38,"column":2},"end":{"line":38,"column":36}},"18":{"start":{"line":42,"column":0},"end":{"line":84,"column":3}},"19":{"start":{"line":48,"column":13},"end":{"line":48,"column":20}},"20":{"start":{"line":49,"column":15},"end":{"line":49,"column":85}},"21":{"start":{"line":50,"column":2},"end":{"line":50,"column":74}},"22":{"start":{"line":50,"column":13},"end":{"line":50,"column":74}},"23":{"start":{"line":52,"column":17},"end":{"line":54,"column":37}},"24":{"start":{"line":55,"column":2},"end":{"line":55,"column":68}},"25":{"start":{"line":55,"column":15},"end":{"line":55,"column":68}},"26":{"start":{"line":57,"column":12},"end":{"line":57,"column":125}},"27":{"start":{"line":58,"column":17},"end":{"line":58,"column":36}},"28":{"start":{"line":60,"column":2},"end":{"line":66,"column":3}},"29":{"start":{"line":61,"column":4},"end":{"line":61,"column":41}},"30":{"start":{"line":62,"column":4},"end":{"line":62,"column":32}},"31":{"start":{"line":63,"column":9},"end":{"line":66,"column":3}},"32":{"start":{"line":64,"column":4},"end":{"line":64,"column":58}},"33":{"start":{"line":65,"column":4},"end":{"line":65,"column":46}},"34":{"start":{"line":68,"column":2},"end":{"line":68,"column":39}},"35":{"start":{"line":70,"column":2},"end":{"line":73,"column":3}},"36":{"start":{"line":71,"column":4},"end":{"line":71,"column":22}},"37":{"start":{"line":72,"column":4},"end":{"line":72,"column":43}},"38":{"start":{"line":75,"column":19},"end":{"line":75,"column":49}},"39":{"start":{"line":78,"column":21},"end":{"line":81,"column":27}},"40":{"start":{"line":83,"column":2},"end":{"line":83,"column":50}},"41":{"start":{"line":87,"column":0},"end":{"line":103,"column":3}},"42":{"start":{"line":88,"column":13},"end":{"line":88,"column":20}},"43":{"start":{"line":89,"column":18},"end":{"line":89,"column":86}},"44":{"start":{"line":90,"column":2},"end":{"line":90,"column":72}},"45":{"start":{"line":90,"column":16},"end":{"line":90,"column":72}},"46":{"start":{"line":92,"column":15},"end":{"line":92,"column":83}},"47":{"start":{"line":93,"column":17},"end":{"line":95,"column":37}},"48":{"start":{"line":97,"column":2},"end":{"line":97,"column":68}},"49":{"start":{"line":97,"column":15},"end":{"line":97,"column":68}},"50":{"start":{"line":98,"column":16},"end":{"line":98,"column":54}},"51":{"start":{"line":99,"column":2},"end":{"line":99,"column":115}},"52":{"start":{"line":99,"column":60},"end":{"line":99,"column":115}},"53":{"start":{"line":101,"column":2},"end":{"line":101,"column":69}},"54":{"start":{"line":102,"column":2},"end":{"line":102,"column":37}},"55":{"start":{"line":107,"column":0},"end":{"line":132,"column":3}},"56":{"start":{"line":113,"column":17},"end":{"line":113,"column":38}},"57":{"start":{"line":114,"column":2},"end":{"line":114,"column":81}},"58":{"start":{"line":114,"column":25},"end":{"line":114,"column":81}},"59":{"start":{"line":116,"column":70},"end":{"line":116,"column":78}},"60":{"start":{"line":117,"column":13},"end":{"line":117,"column":20}},"61":{"start":{"line":118,"column":13},"end":{"line":118,"column":21}},"62":{"start":{"line":120,"column":2},"end":{"line":123,"column":115}},"63":{"start":{"line":125,"column":17},"end":{"line":125,"column":79}},"64":{"start":{"line":127,"column":2},"end":{"line":129,"column":3}},"65":{"start":{"line":128,"column":4},"end":{"line":128,"column":48}},"66":{"start":{"line":131,"column":2},"end":{"line":131,"column":42}},"67":{"start":{"line":135,"column":0},"end":{"line":161,"column":3}},"68":{"start":{"line":139,"column":17},"end":{"line":139,"column":38}},"69":{"start":{"line":140,"column":2},"end":{"line":140,"column":81}},"70":{"start":{"line":140,"column":25},"end":{"line":140,"column":81}},"71":{"start":{"line":142,"column":13},"end":{"line":142,"column":20}},"72":{"start":{"line":143,"column":17},"end":{"line":143,"column":90}},"73":{"start":{"line":144,"column":2},"end":{"line":144,"column":71}},"74":{"start":{"line":144,"column":15},"end":{"line":144,"column":71}},"75":{"start":{"line":146,"column":15},"end":{"line":146,"column":82}},"76":{"start":{"line":147,"column":17},"end":{"line":149,"column":37}},"77":{"start":{"line":150,"column":2},"end":{"line":150,"column":68}},"78":{"start":{"line":150,"column":15},"end":{"line":150,"column":68}},"79":{"start":{"line":152,"column":32},"end":{"line":152,"column":40}},"80":{"start":{"line":153,"column":2},"end":{"line":155,"column":51}},"81":{"start":{"line":157,"column":2},"end":{"line":157,"column":53}},"82":{"start":{"line":159,"column":18},"end":{"line":159,"column":91}},"83":{"start":{"line":160,"column":2},"end":{"line":160,"column":31}},"84":{"start":{"line":163,"column":0},"end":{"line":199,"column":3}},"85":{"start":{"line":167,"column":13},"end":{"line":167,"column":20}},"86":{"start":{"line":168,"column":15},"end":{"line":168,"column":85}},"87":{"start":{"line":169,"column":2},"end":{"line":169,"column":74}},"88":{"start":{"line":169,"column":13},"end":{"line":169,"column":74}},"89":{"start":{"line":171,"column":17},"end":{"line":173,"column":37}},"90":{"start":{"line":174,"column":2},"end":{"line":174,"column":68}},"91":{"start":{"line":174,"column":15},"end":{"line":174,"column":68}},"92":{"start":{"line":176,"column":12},"end":{"line":176,"column":130}},"93":{"start":{"line":177,"column":17},"end":{"line":177,"column":36}},"94":{"start":{"line":179,"column":2},"end":{"line":182,"column":3}},"95":{"start":{"line":180,"column":4},"end":{"line":180,"column":41}},"96":{"start":{"line":181,"column":4},"end":{"line":181,"column":32}},"97":{"start":{"line":184,"column":2},"end":{"line":184,"column":39}},"98":{"start":{"line":185,"column":2},"end":{"line":185,"column":85}},"99":{"start":{"line":185,"column":25},"end":{"line":185,"column":43}},"100":{"start":{"line":185,"column":44},"end":{"line":185,"column":83}},"101":{"start":{"line":187,"column":18},"end":{"line":187,"column":48}},"102":{"start":{"line":189,"column":21},"end":{"line":196,"column":27}},"103":{"start":{"line":198,"column":2},"end":{"line":198,"column":64}},"104":{"start":{"line":203,"column":0},"end":{"line":225,"column":3}},"105":{"start":{"line":211,"column":17},"end":{"line":211,"column":38}},"106":{"start":{"line":212,"column":2},"end":{"line":212,"column":81}},"107":{"start":{"line":212,"column":25},"end":{"line":212,"column":81}},"108":{"start":{"line":214,"column":94},"end":{"line":214,"column":102}},"109":{"start":{"line":215,"column":13},"end":{"line":215,"column":20}},"110":{"start":{"line":216,"column":13},"end":{"line":216,"column":21}},"111":{"start":{"line":218,"column":2},"end":{"line":221,"column":139}},"112":{"start":{"line":223,"column":15},"end":{"line":223,"column":69}},"113":{"start":{"line":224,"column":2},"end":{"line":224,"column":33}},"114":{"start":{"line":227,"column":0},"end":{"line":246,"column":3}},"115":{"start":{"line":228,"column":13},"end":{"line":228,"column":20}},"116":{"start":{"line":229,"column":15},"end":{"line":229,"column":85}},"117":{"start":{"line":230,"column":2},"end":{"line":230,"column":74}},"118":{"start":{"line":230,"column":13},"end":{"line":230,"column":74}},"119":{"start":{"line":232,"column":17},"end":{"line":234,"column":37}},"120":{"start":{"line":235,"column":2},"end":{"line":235,"column":68}},"121":{"start":{"line":235,"column":15},"end":{"line":235,"column":68}},"122":{"start":{"line":237,"column":12},"end":{"line":237,"column":122}},"123":{"start":{"line":238,"column":17},"end":{"line":238,"column":36}},"124":{"start":{"line":240,"column":2},"end":{"line":240,"column":93}},"125":{"start":{"line":240,"column":24},"end":{"line":240,"column":62}},"126":{"start":{"line":240,"column":63},"end":{"line":240,"column":91}},"127":{"start":{"line":241,"column":2},"end":{"line":241,"column":40}},"128":{"start":{"line":242,"column":2},"end":{"line":242,"column":85}},"129":{"start":{"line":242,"column":25},"end":{"line":242,"column":43}},"130":{"start":{"line":242,"column":44},"end":{"line":242,"column":83}},"131":{"start":{"line":244,"column":16},"end":{"line":244,"column":46}},"132":{"start":{"line":245,"column":2},"end":{"line":245,"column":22}},"133":{"start":{"line":250,"column":0},"end":{"line":271,"column":3}},"134":{"start":{"line":257,"column":17},"end":{"line":257,"column":38}},"135":{"start":{"line":258,"column":2},"end":{"line":258,"column":81}},"136":{"start":{"line":258,"column":25},"end":{"line":258,"column":81}},"137":{"start":{"line":260,"column":85},"end":{"line":260,"column":93}},"138":{"start":{"line":261,"column":13},"end":{"line":261,"column":20}},"139":{"start":{"line":262,"column":13},"end":{"line":262,"column":21}},"140":{"start":{"line":264,"column":2},"end":{"line":267,"column":122}},"141":{"start":{"line":269,"column":18},"end":{"line":269,"column":75}},"142":{"start":{"line":270,"column":2},"end":{"line":270,"column":36}},"143":{"start":{"line":273,"column":0},"end":{"line":290,"column":3}},"144":{"start":{"line":274,"column":13},"end":{"line":274,"column":20}},"145":{"start":{"line":275,"column":15},"end":{"line":275,"column":85}},"146":{"start":{"line":276,"column":2},"end":{"line":276,"column":74}},"147":{"start":{"line":276,"column":13},"end":{"line":276,"column":74}},"148":{"start":{"line":278,"column":17},"end":{"line":280,"column":37}},"149":{"start":{"line":281,"column":2},"end":{"line":281,"column":68}},"150":{"start":{"line":281,"column":15},"end":{"line":281,"column":68}},"151":{"start":{"line":283,"column":19},"end":{"line":287,"column":60}},"152":{"start":{"line":289,"column":2},"end":{"line":289,"column":25}},"153":{"start":{"line":293,"column":0},"end":{"line":301,"column":3}},"154":{"start":{"line":294,"column":13},"end":{"line":294,"column":20}},"155":{"start":{"line":295,"column":18},"end":{"line":295,"column":86}},"156":{"start":{"line":296,"column":2},"end":{"line":296,"column":72}},"157":{"start":{"line":296,"column":16},"end":{"line":296,"column":72}},"158":{"start":{"line":298,"column":2},"end":{"line":298,"column":100}},"159":{"start":{"line":299,"column":18},"end":{"line":299,"column":86}},"160":{"start":{"line":300,"column":2},"end":{"line":300,"column":33}},"161":{"start":{"line":305,"column":0},"end":{"line":324,"column":3}},"162":{"start":{"line":310,"column":17},"end":{"line":310,"column":38}},"163":{"start":{"line":311,"column":2},"end":{"line":311,"column":81}},"164":{"start":{"line":311,"column":25},"end":{"line":311,"column":81}},"165":{"start":{"line":313,"column":71},"end":{"line":313,"column":79}},"166":{"start":{"line":314,"column":13},"end":{"line":314,"column":20}},"167":{"start":{"line":315,"column":13},"end":{"line":315,"column":21}},"168":{"start":{"line":317,"column":2},"end":{"line":320,"column":108}},"169":{"start":{"line":322,"column":18},"end":{"line":322,"column":76}},"170":{"start":{"line":323,"column":2},"end":{"line":323,"column":36}},"171":{"start":{"line":326,"column":0},"end":{"line":346,"column":3}},"172":{"start":{"line":327,"column":13},"end":{"line":327,"column":20}},"173":{"start":{"line":328,"column":15},"end":{"line":328,"column":85}},"174":{"start":{"line":329,"column":2},"end":{"line":329,"column":74}},"175":{"start":{"line":329,"column":13},"end":{"line":329,"column":74}},"176":{"start":{"line":331,"column":17},"end":{"line":333,"column":37}},"177":{"start":{"line":334,"column":2},"end":{"line":334,"column":68}},"178":{"start":{"line":334,"column":15},"end":{"line":334,"column":68}},"179":{"start":{"line":336,"column":20},"end":{"line":343,"column":27}},"180":{"start":{"line":345,"column":2},"end":{"line":345,"column":26}},"181":{"start":{"line":349,"column":0},"end":{"line":354,"column":3}},"182":{"start":{"line":350,"column":13},"end":{"line":350,"column":20}},"183":{"start":{"line":351,"column":2},"end":{"line":351,"column":101}},"184":{"start":{"line":352,"column":18},"end":{"line":352,"column":87}},"185":{"start":{"line":353,"column":2},"end":{"line":353,"column":33}},"186":{"start":{"line":358,"column":0},"end":{"line":382,"column":3}},"187":{"start":{"line":368,"column":17},"end":{"line":368,"column":38}},"188":{"start":{"line":369,"column":2},"end":{"line":369,"column":81}},"189":{"start":{"line":369,"column":25},"end":{"line":369,"column":81}},"190":{"start":{"line":371,"column":110},"end":{"line":371,"column":118}},"191":{"start":{"line":372,"column":13},"end":{"line":372,"column":20}},"192":{"start":{"line":373,"column":13},"end":{"line":373,"column":21}},"193":{"start":{"line":375,"column":2},"end":{"line":378,"column":155}},"194":{"start":{"line":380,"column":19},"end":{"line":380,"column":77}},"195":{"start":{"line":381,"column":2},"end":{"line":381,"column":37}},"196":{"start":{"line":384,"column":0},"end":{"line":404,"column":3}},"197":{"start":{"line":385,"column":13},"end":{"line":385,"column":20}},"198":{"start":{"line":386,"column":15},"end":{"line":386,"column":85}},"199":{"start":{"line":387,"column":2},"end":{"line":387,"column":74}},"200":{"start":{"line":387,"column":13},"end":{"line":387,"column":74}},"201":{"start":{"line":389,"column":17},"end":{"line":391,"column":37}},"202":{"start":{"line":392,"column":2},"end":{"line":392,"column":68}},"203":{"start":{"line":392,"column":15},"end":{"line":392,"column":68}},"204":{"start":{"line":394,"column":20},"end":{"line":401,"column":60}},"205":{"start":{"line":403,"column":2},"end":{"line":403,"column":26}},"206":{"start":{"line":408,"column":0},"end":{"line":428,"column":3}},"207":{"start":{"line":414,"column":17},"end":{"line":414,"column":38}},"208":{"start":{"line":415,"column":2},"end":{"line":415,"column":81}},"209":{"start":{"line":415,"column":25},"end":{"line":415,"column":81}},"210":{"start":{"line":417,"column":68},"end":{"line":417,"column":76}},"211":{"start":{"line":418,"column":13},"end":{"line":418,"column":20}},"212":{"start":{"line":419,"column":13},"end":{"line":419,"column":21}},"213":{"start":{"line":421,"column":2},"end":{"line":424,"column":105}},"214":{"start":{"line":426,"column":17},"end":{"line":426,"column":71}},"215":{"start":{"line":427,"column":2},"end":{"line":427,"column":41}},"216":{"start":{"line":430,"column":0},"end":{"line":449,"column":3}},"217":{"start":{"line":431,"column":13},"end":{"line":431,"column":20}},"218":{"start":{"line":432,"column":15},"end":{"line":432,"column":85}},"219":{"start":{"line":433,"column":2},"end":{"line":433,"column":74}},"220":{"start":{"line":433,"column":13},"end":{"line":433,"column":74}},"221":{"start":{"line":435,"column":17},"end":{"line":437,"column":37}},"222":{"start":{"line":438,"column":2},"end":{"line":438,"column":68}},"223":{"start":{"line":438,"column":15},"end":{"line":438,"column":68}},"224":{"start":{"line":440,"column":12},"end":{"line":440,"column":122}},"225":{"start":{"line":441,"column":17},"end":{"line":441,"column":36}},"226":{"start":{"line":443,"column":2},"end":{"line":443,"column":93}},"227":{"start":{"line":443,"column":24},"end":{"line":443,"column":62}},"228":{"start":{"line":443,"column":63},"end":{"line":443,"column":91}},"229":{"start":{"line":444,"column":2},"end":{"line":444,"column":48}},"230":{"start":{"line":445,"column":2},"end":{"line":445,"column":47}},"231":{"start":{"line":447,"column":16},"end":{"line":447,"column":46}},"232":{"start":{"line":448,"column":2},"end":{"line":448,"column":22}},"233":{"start":{"line":453,"column":0},"end":{"line":514,"column":3}},"234":{"start":{"line":454,"column":13},"end":{"line":454,"column":20}},"235":{"start":{"line":455,"column":15},"end":{"line":455,"column":85}},"236":{"start":{"line":456,"column":2},"end":{"line":456,"column":74}},"237":{"start":{"line":456,"column":13},"end":{"line":456,"column":74}},"238":{"start":{"line":458,"column":17},"end":{"line":460,"column":37}},"239":{"start":{"line":461,"column":2},"end":{"line":461,"column":68}},"240":{"start":{"line":461,"column":15},"end":{"line":461,"column":68}},"241":{"start":{"line":463,"column":15},"end":{"line":463,"column":71}},"242":{"start":{"line":465,"column":18},"end":{"line":496,"column":3}},"243":{"start":{"line":499,"column":2},"end":{"line":511,"column":5}},"244":{"start":{"line":500,"column":18},"end":{"line":500,"column":19}},"245":{"start":{"line":501,"column":4},"end":{"line":503,"column":77}},"246":{"start":{"line":501,"column":41},"end":{"line":501,"column":77}},"247":{"start":{"line":502,"column":9},"end":{"line":503,"column":77}},"248":{"start":{"line":502,"column":47},"end":{"line":502,"column":83}},"249":{"start":{"line":503,"column":9},"end":{"line":503,"column":77}},"250":{"start":{"line":503,"column":47},"end":{"line":503,"column":77}},"251":{"start":{"line":505,"column":4},"end":{"line":510,"column":6}},"252":{"start":{"line":513,"column":2},"end":{"line":513,"column":24}},"253":{"start":{"line":518,"column":0},"end":{"line":574,"column":3}},"254":{"start":{"line":519,"column":13},"end":{"line":519,"column":20}},"255":{"start":{"line":520,"column":15},"end":{"line":520,"column":85}},"256":{"start":{"line":521,"column":2},"end":{"line":521,"column":74}},"257":{"start":{"line":521,"column":13},"end":{"line":521,"column":74}},"258":{"start":{"line":523,"column":17},"end":{"line":525,"column":37}},"259":{"start":{"line":526,"column":2},"end":{"line":526,"column":68}},"260":{"start":{"line":526,"column":15},"end":{"line":526,"column":68}},"261":{"start":{"line":528,"column":16},"end":{"line":528,"column":47}},"262":{"start":{"line":529,"column":15},"end":{"line":529,"column":71}},"263":{"start":{"line":532,"column":17},"end":{"line":532,"column":19}},"264":{"start":{"line":534,"column":19},"end":{"line":537,"column":23}},"265":{"start":{"line":538,"column":2},"end":{"line":538,"column":27}},"266":{"start":{"
[...]
start":{},"end":{}}],"line":369},"55":{"loc":{"start":{"line":378,"column":35},"end":{"line":378,"column":53}},"type":"binary-expr","locations":[{"start":{"line":378,"column":35},"end":{"line":378,"column":45}},{"start":{"line":378,"column":49},"end":{"line":378,"column":53}}],"line":378},"56":{"loc":{"start":{"line":378,"column":82},"end":{"line":378,"column":99}},"type":"binary-expr","locations":[{"start":{"line":378,"column":82},"end":{"line":378,"column":91}},{"start":{"line":378,"column":95},"end":{"line":378,"column":99}}],"line":378},"57":{"loc":{"start":{"line":378,"column":118},"end":{"line":378,"column":138}},"type":"binary-expr","locations":[{"start":{"line":378,"column":118},"end":{"line":378,"column":130}},{"start":{"line":378,"column":134},"end":{"line":378,"column":138}}],"line":378},"58":{"loc":{"start":{"line":378,"column":140},"end":{"line":378,"column":153}},"type":"binary-expr","locations":[{"start":{"line":378,"column":140},"end":{"line":378,"column":145}},{"start":{"line":378,"column":149},"end":{"line":378,"column":153}}],"line":378},"59":{"loc":{"start":{"line":387,"column":2},"end":{"line":387,"column":74}},"type":"if","locations":[{"start":{"line":387,"column":2},"end":{"line":387,"column":74}},{"start":{},"end":{}}],"line":387},"60":{"loc":{"start":{"line":392,"column":2},"end":{"line":392,"column":68}},"type":"if","locations":[{"start":{"line":392,"column":2},"end":{"line":392,"column":68}},{"start":{},"end":{}}],"line":392},"61":{"loc":{"start":{"line":401,"column":28},"end":{"line":401,"column":59}},"type":"binary-expr","locations":[{"start":{"line":401,"column":28},"end":{"line":401,"column":53}},{"start":{"line":401,"column":57},"end":{"line":401,"column":59}}],"line":401},"62":{"loc":{"start":{"line":415,"column":2},"end":{"line":415,"column":81}},"type":"if","locations":[{"start":{"line":415,"column":2},"end":{"line":415,"column":81}},{"start":{},"end":{}}],"line":415},"63":{"loc":{"start":{"line":424,"column":41},"end":{"line":424,"column":58}},"type":"binary-expr","locations":[{"start":{"line":424,"column":41},"end":{"line":424,"column":50}},{"start":{"line":424,"column":54},"end":{"line":424,"column":58}}],"line":424},"64":{"loc":{"start":{"line":424,"column":60},"end":{"line":424,"column":75}},"type":"binary-expr","locations":[{"start":{"line":424,"column":60},"end":{"line":424,"column":67}},{"start":{"line":424,"column":71},"end":{"line":424,"column":75}}],"line":424},"65":{"loc":{"start":{"line":424,"column":77},"end":{"line":424,"column":90}},"type":"binary-expr","locations":[{"start":{"line":424,"column":77},"end":{"line":424,"column":82}},{"start":{"line":424,"column":86},"end":{"line":424,"column":90}}],"line":424},"66":{"loc":{"start":{"line":433,"column":2},"end":{"line":433,"column":74}},"type":"if","locations":[{"start":{"line":433,"column":2},"end":{"line":433,"column":74}},{"start":{},"end":{}}],"line":433},"67":{"loc":{"start":{"line":438,"column":2},"end":{"line":438,"column":68}},"type":"if","locations":[{"start":{"line":438,"column":2},"end":{"line":438,"column":68}},{"start":{},"end":{}}],"line":438},"68":{"loc":{"start":{"line":443,"column":2},"end":{"line":443,"column":93}},"type":"if","locations":[{"start":{"line":443,"column":2},"end":{"line":443,"column":93}},{"start":{},"end":{}}],"line":443},"69":{"loc":{"start":{"line":445,"column":14},"end":{"line":445,"column":45}},"type":"binary-expr","locations":[{"start":{"line":445,"column":14},"end":{"line":445,"column":39}},{"start":{"line":445,"column":43},"end":{"line":445,"column":45}}],"line":445},"70":{"loc":{"start":{"line":456,"column":2},"end":{"line":456,"column":74}},"type":"if","locations":[{"start":{"line":456,"column":2},"end":{"line":456,"column":74}},{"start":{},"end":{}}],"line":456},"71":{"loc":{"start":{"line":461,"column":2},"end":{"line":461,"column":68}},"type":"if","locations":[{"start":{"line":461,"column":2},"end":{"line":461,"column":68}},{"start":{},"end":{}}],"line":461},"72":{"loc":{"start":{"line":463,"column":15},"end":{"line":463,"column":71}},"type":"binary-expr","locations":[{"start":{"line":463,"column":15},"end":{"line":463,"column":29}},{"start":{"line":463,"column":33},"end":{"line":463,"column":71}}],"line":463},"73":{"loc":{"start":{"line":501,"column":4},"end":{"line":503,"column":77}},"type":"if","locations":[{"start":{"line":501,"column":4},"end":{"line":503,"column":77}},{"start":{"line":502,"column":9},"end":{"line":503,"column":77}}],"line":501},"74":{"loc":{"start":{"line":502,"column":9},"end":{"line":503,"column":77}},"type":"if","locations":[{"start":{"line":502,"column":9},"end":{"line":503,"column":77}},{"start":{"line":503,"column":9},"end":{"line":503,"column":77}}],"line":502},"75":{"loc":{"start":{"line":503,"column":9},"end":{"line":503,"column":77}},"type":"if","locations":[{"start":{"line":503,"column":9},"end":{"line":503,"column":77}},{"start":{},"end":{}}],"line":503},"76":{"loc":{"start":{"line":521,"column":2},"end":{"line":521,"column":74}},"type":"if","locations":[{"start":{"line":521,"column":2},"end":{"line":521,"column":74}},{"start":{},"end":{}}],"line":521},"77":{"loc":{"start":{"line":526,"column":2},"end":{"line":526,"column":68}},"type":"if","locations":[{"start":{"line":526,"column":2},"end":{"line":526,"column":68}},{"start":{},"end":{}}],"line":526},"78":{"loc":{"start":{"line":528,"column":16},"end":{"line":528,"column":47}},"type":"binary-expr","locations":[{"start":{"line":528,"column":16},"end":{"line":528,"column":41}},{"start":{"line":528,"column":45},"end":{"line":528,"column":47}}],"line":528},"79":{"loc":{"start":{"line":529,"column":15},"end":{"line":529,"column":71}},"type":"binary-expr","locations":[{"start":{"line":529,"column":15},"end":{"line":529,"column":29}},{"start":{"line":529,"column":33},"end":{"line":529,"column":71}}],"line":529}},"s":{"0":1,"1":1,"2":1,"3":1,"4":1,"5":1,"6":1,"7":1,"8":2,"9":2,"10":0,"11":2,"12":2,"13":2,"14":2,"15":2,"16":2,"17":2,"18":1,"19":2,"20":2,"21":2,"22":0,"23":2,"24":2,"25":0,"26":2,"27":2,"28":2,"29":0,"30":0,"31":2,"32":0,"33":0,"34":2,"35":2,"36":0,"37":0,"38":2,"39":2,"40":2,"41":1,"42":0,"43":0,"44":0,"45":0,"46":0,"47":0,"48":0,"49":0,"50":0,"51":0,"52":0,"53":0,"54":0,"55":1,"56":1,"57":1,"58":0,"59":1,"60":1,"61":1,"62":1,"63":1,"64":1,"65":1,"66":1,"67":1,"68":0,"69":0,"70":0,"71":0,"72":0,"73":0,"74":0,"75":0,"76":0,"77":0,"78":0,"79":0,"80":0,"81":0,"82":0,"83":0,"84":1,"85":1,"86":1,"87":1,"88":0,"89":1,"90":1,"91":0,"92":1,"93":1,"94":1,"95":0,"96":0,"97":1,"98":1,"99":0,"100":0,"101":1,"102":1,"103":1,"104":1,"105":1,"106":1,"107":0,"108":1,"109":1,"110":1,"111":1,"112":1,"113":1,"114":1,"115":0,"116":0,"117":0,"118":0,"119":0,"120":0,"121":0,"122":0,"123":0,"124":0,"125":0,"126":0,"127":0,"128":0,"129":0,"130":0,"131":0,"132":0,"133":1,"134":1,"135":1,"136":0,"137":1,"138":1,"139":1,"140":1,"141":1,"142":1,"143":1,"144":0,"145":0,"146":0,"147":0,"148":0,"149":0,"150":0,"151":0,"152":0,"153":1,"154":0,"155":0,"156":0,"157":0,"158":0,"159":0,"160":0,"161":1,"162":1,"163":1,"164":0,"165":1,"166":1,"167":1,"168":1,"169":1,"170":1,"171":1,"172":0,"173":0,"174":0,"175":0,"176":0,"177":0,"178":0,"179":0,"180":0,"181":1,"182":0,"183":0,"184":0,"185":0,"186":1,"187":1,"188":1,"189":0,"190":1,"191":1,"192":1,"193":1,"194":1,"195":1,"196":1,"197":0,"198":0,"199":0,"200":0,"201":0,"202":0,"203":0,"204":0,"205":0,"206":1,"207":1,"208":1,"209":0,"210":1,"211":1,"212":1,"213":1,"214":1,"215":1,"216":1,"217":0,"218":0,"219":0,"220":0,"221":0,"222":0,"223":0,"224":0,"225":0,"226":0,"227":0,"228":0,"229":0,"230":0,"231":0,"232":0,"233":1,"234":1,"235":1,"236":1,"237":0,"238":1,"239":1,"240":0,"241":1,"242":1,"243":1,"244":2,"245":2,"246":1,"247":1,"248":1,"249":0,"250":0,"251":2,"252":1,"253":1,"254":1,"255":1,"256":1,"257":0,"258":1,"259":1,"260":0,"261":1,"262":1,"263":1,"264":1,"265":1,"266":1,"267":1,"268":1,"269":1,"270":1,"271":1,"272":1,"273":1,"274":1,"275":1,"276":1,"277":5,"278":1,"279":1},"f":{"0":2,"1":2,"2":0,"3":1,"4":0,"5":1,"6":1,"7":0,"8":1,"9":0,"10":0,"11":1,"12":0,"13":0,"14":1,"15":0,"16":1,"17":0,"18":1,"19":2,"20":1,"21":5},"b":{"0":[0,2],"1":[2,0],"2":[2,1],"3":[2,2],"4":[2,2],"5":[2,1],"6":[0,2],"7":[0,2],"8":[0,2],"9":[0,2],"10":[2,0],"11":[0,2],"12":[0,0],"13":[0,0],"14":[0,0],"15":[0,0],"16":[0,0],"17":[0,1],"18":[1,0],"19":[1,0],"20":[1,0],"21":[1,1],"22":[1,0],"23":[0,0],"24":[0,0],"25":[0,0],"26":[0,0],"27":[0,1],"28":[0,1],"29":[0,1],"30":[0,1],"31":[0,1],"32":[1,0],"33":[1,0],"34":[0,1],"35":[1,1],"36":[0,0],"37":[0,0],"38":[0,0],"39":[0,0],"40":[0,1],"41":[1,0],"42":[1,0],"43":[1,0],"44":[0,0],"45":[0,0],"46":[0,0],"47":[0,0],"48":[0,1],"49":[1,0],"50":[1,0],"51":[1,1],"52":[0,0],"53":[0,0],"54":[0,1],"55":[1,1],"56":[1,0],"57":[1,1],"58":[1,1],"59":[0,0],"60":[0,0],"61":[0,0],"62":[0,1],"63":[1,0],"64":[1,0],"65":[1,1],"66":[0,0],"67":[0,0],"68":[0,0],"69":[0,0],"70":[0,1],"71":[0,1],"72":[1,1],"73":[1,1],"74":[1,0],"75":[0,0],"76":[0,1],"77":[0,1],"78":[1,1],"79":[1,1]},"_coverageSchema":"1a1c01bbd47fc00a2c39e90264f33305004495a9","hash":"d0bb5c4cd7c7baed1721ea2ece43fba0b2b76024"}
,"/workspace/backend/src/services/notifications.js": {"path":"/workspace/backend/src/services/notifications.js","statementMap":{"0":{"start":{"line":1,"column":23},"end":{"line":1,"column":38}},"1":{"start":{"line":2,"column":18},"end":{"line":2,"column":46}},"2":{"start":{"line":8,"column":2},"end":{"line":94,"column":3}},"3":{"start":{"line":9,"column":15},"end":{"line":9,"column":22}},"4":{"start":{"line":11,"column":17},"end":{"line":11,"column":76}},"5":{"start":{"line":12,"column":4},"end":{"line":12,"column":22}},"6":{"start":{"line":12,"column":15},"end":{"line":12,"column":22}},"7":{"start":{"line":14,"column":17},"end":{"line":16,"column":28}},"8":{"start":{"line":18,"column":4},"end":{"line":18,"column":22}},"9":{"start":{"line":18,"column":15},"end":{"line":18,"column":22}},"10":{"start":{"line":20,"column":23},"end":{"line":20,"column":24}},"11":{"start":{"line":21,"column":16},"end":{"line":21,"column":26}},"12":{"start":{"line":22,"column":22},"end":{"line":22,"column":36}},"13":{"start":{"line":24,"column":4},"end":{"line":39,"column":5}},"14":{"start":{"line":25,"column":21},"end":{"line":28,"column":20}},"15":{"start":{"line":29,"column":6},"end":{"line":29,"column":34}},"16":{"start":{"line":30,"column":11},"end":{"line":39,"column":5}},"17":{"start":{"line":31,"column":21},"end":{"line":37,"column":20}},"18":{"start":{"line":38,"column":6},"end":{"line":38,"column":34}},"19":{"start":{"line":41,"column":23},"end":{"line":41,"column":63}},"20":{"start":{"line":44,"column":31},"end":{"line":44,"column":53}},"21":{"start":{"line":47,"column":4},"end":{"line":91,"column":5}},"22":{"start":{"line":48,"column":19},"end":{"line":48,"column":88}},"23":{"start":{"line":49,"column":20},"end":{"line":51,"column":39}},"24":{"start":{"line":52,"column":22},"end":{"line":54,"column":126}},"25":{"start":{"line":57,"column":35},"end":{"line":61,"column":26}},"26":{"start":{"line":64,"column":6},"end":{"line":68,"column":7}},"27":{"start":{"line":65,"column":30},"end":{"line":65,"column":71}},"28":{"start":{"line":66,"column":36},"end":{"line":66,"column":76}},"29":{"start":{"line":67,"column":8},"end":{"line":67,"column":44}},"30":{"start":{"line":67,"column":37},"end":{"line":67,"column":44}},"31":{"start":{"line":71,"column":22},"end":{"line":74,"column":28}},"32":{"start":{"line":76,"column":33},"end":{"line":79,"column":8}},"33":{"start":{"line":81,"column":26},"end":{"line":88,"column":8}},"34":{"start":{"line":82,"column":8},"end":{"line":87,"column":9}},"35":{"start":{"line":83,"column":10},"end":{"line":86,"column":12}},"36":{"start":{"line":90,"column":6},"end":{"line":90,"column":20}},"37":{"start":{"line":93,"column":4},"end":{"line":93,"column":53}},"38":{"start":{"line":101,"column":2},"end":{"line":111,"column":3}},"39":{"start":{"line":102,"column":15},"end":{"line":102,"column":22}},"40":{"start":{"line":103,"column":19},"end":{"line":103,"column":60}},"41":{"start":{"line":105,"column":4},"end":{"line":108,"column":5}},"42":{"start":{"line":106,"column":6},"end":{"line":106,"column":49}},"43":{"start":{"line":107,"column":6},"end":{"line":107,"column":50}},"44":{"start":{"line":110,"column":4},"end":{"line":110,"column":52}},"45":{"start":{"line":118,"column":2},"end":{"line":126,"column":3}},"46":{"start":{"line":119,"column":15},"end":{"line":119,"column":22}},"47":{"start":{"line":120,"column":4},"end":{"line":123,"column":95}},"48":{"start":{"line":125,"column":4},"end":{"line":125,"column":55}},"49":{"start":{"line":129,"column":0},"end":{"line":129,"column":80}}},"fnMap":{"0":{"name":"checkGoalsAndNotify","decl":{"start":{"line":7,"column":9},"end":{"line":7,"column":28}},"loc":{"start":{"line":7,"column":47},"end":{"line":95,"column":1}},"line":7},"1":{"name":"(anonymous_1)","decl":{"start":{"line":81,"column":41},"end":{"line":81,"column":42}},"loc":{"start":{"line":81,"column":47},"end":{"line":88,"column":7}},"line":81},"2":{"name":"runDailyGoalCheck","decl":{"start":{"line":100,"column":9},"end":{"line":100,"column":26}},"loc":{"start":{"line":100,"column":29},"end":{"line":112,"column":1}},"line":100},"3":{"name":"createNotification","decl":{"start":{"line":117,"column":9},"end":{"line":117,"column":27}},"loc":{"start":{"line":117,"column":79},"end":{"line":127,"column":1}},"line":117}},"branchMap":{"0":{"loc":{"start":{"line":12,"column":4},"end":{"line":12,"column":22}},"type":"if","locations":[{"start":{"line":12,"column":4},"end":{"line":12,"column":22}},{"start":{},"end":{}}],"line":12},"1":{"loc":{"start":{"line":18,"column":4},"end":{"line":18,"column":22}},"type":"if","locations":[{"start":{"line":18,"column":4},"end":{"line":18,"column":22}},{"start":{},"end":{}}],"line":18},"2":{"loc":{"start":{"line":24,"column":4},"end":{"line":39,"column":5}},"type":"if","locations":[{"start":{"line":24,"column":4},"end":{"line":39,"column":5}},{"start":{"line":30,"column":11},"end":{"line":39,"column":5}}],"line":24},"3":{"loc":{"start":{"line":30,"column":11},"end":{"line":39,"column":5}},"type":"if","locations":[{"start":{"line":30,"column":11},"end":{"line":39,"column":5}},{"start":{},"end":{}}],"line":30},"4":{"loc":{"start":{"line":47,"column":4},"end":{"line":91,"column":5}},"type":"if","locations":[{"start":{"line":47,"column":4},"end":{"line":91,"column":5}},{"start":{},"end":{}}],"line":47},"5":{"loc":{"start":{"line":47,"column":8},"end":{"line":47,"column":64}},"type":"binary-expr","locations":[{"start":{"line":47,"column":8},"end":{"line":47,"column":23}},{"start":{"line":47,"column":27},"end":{"line":47,"column":64}}],"line":47},"6":{"loc":{"start":{"line":48,"column":19},"end":{"line":48,"column":88}},"type":"cond-expr","locations":[{"start":{"line":48,"column":47},"end":{"line":48,"column":67}},{"start":{"line":48,"column":70},"end":{"line":48,"column":88}}],"line":48},"7":{"loc":{"start":{"line":49,"column":20},"end":{"line":51,"column":39}},"type":"cond-expr","locations":[{"start":{"line":50,"column":10},"end":{"line":50,"column":46}},{"start":{"line":51,"column":10},"end":{"line":51,"column":39}}],"line":49},"8":{"loc":{"start":{"line":52,"column":22},"end":{"line":54,"column":126}},"type":"cond-expr","locations":[{"start":{"line":53,"column":10},"end":{"line":53,"column":123}},{"start":{"line":54,"column":10},"end":{"line":54,"column":126}}],"line":52},"9":{"loc":{"start":{"line":64,"column":6},"end":{"line":68,"column":7}},"type":"if","locations":[{"start":{"line":64,"column":6},"end":{"line":68,"column":7}},{"start":{},"end":{}}],"line":64},"10":{"loc":{"start":{"line":67,"column":8},"end":{"line":67,"column":44}},"type":"if","locations":[{"start":{"line":67,"column":8},"end":{"line":67,"column":44}},{"start":{},"end":{}}],"line":67},"11":{"loc":{"start":{"line":117,"column":66},"end":{"line":117,"column":77}},"type":"default-arg","locations":[{"start":{"line":117,"column":73},"end":{"line":117,"column":77}}],"line":117},"12":{"loc":{"start":{"line":123,"column":59},"end":{"line":123,"column":93}},"type":"cond-expr","locations":[{"start":{"line":123,"column":66},"end":{"line":123,"column":86}},{"start":{"line":123,"column":89},"end":{"line":123,"column":93}}],"line":123}},"s":{"0":1,"1":1,"2":3,"3":3,"4":3,"5":3,"6":0,"7":3,"8":3,"9":0,"10":3,"11":3,"12":3,"13":3,"14":2,"15":2,"16":1,"17":1,"18":1,"19":3,"20":3,"21":3,"22":3,"23":3,"24":3,"25":3,"26":3,"27":1,"28":1,"29":1,"30":1,"31":2,"32":2,"33":2,"34":2,"35":2,"36":2,"37":0,"38":0,"39":0,"40":0,"41":0,"42":0,"43":0,"44":0,"45":0,"46":0,"47":0,"48":0,"49":1},"f":{"0":3,"1":2,"2":0,"3":0},"b":{"0":[0,3],"1":[0,3],"2":[2,1],"3":[1,0],"4":[3,0],"5":[3,3],"6":[2,1],"7":[2,1],"8":[2,1],"9":[1,2],"10":[1,0],"11":[0],"12":[0,0]},"_coverageSchema":"1a1c01bbd47fc00a2c39e90264f33305004495a9","hash":"9d6b466c621022c14ff803092bb8636ed25b60af"}
,"/workspace/backend/src/utils/database.js": {"path":"/workspace/backend/src/utils/database.js","statementMap":{"0":{"start":{"line":1,"column":17},"end":{"line":1,"column":42}},"1":{"start":{"line":2,"column":13},"end":{"line":2,"column":28}},"2":{"start":{"line":3,"column":11},"end":{"line":3,"column":24}},"3":{"start":{"line":5,"column":16},"end":{"line":5,"column":97}},"4":{"start":{"line":8,"column":16},"end":{"line":8,"column":37}},"5":{"start":{"line":9,"column":0},"end":{"line":11,"column":1}},"6":{"start":{"line":10,"column":2},"end":{"line":10,"column":45}},"7":{"start":{"line":16,"column":2},"end":{"line":20,"column":3}},"8":{"start":{"line":17,"column":4},"end":{"line":17,"column":31}},"9":{"start":{"line":18,"column":4},"end":{"line":18,"column":36}},"10":{"start":{"line":19,"column":4},"end":{"line":19,"column":35}},"11":{"start":{"line":21,"column":2},"end":{"line":21,"column":12}},"12":{"start":{"line":25,"column":19},"end":{"line":25,"column":26}},"13":{"start":{"line":27,"column":2},"end":{"line":235,"column":5}},"14":{"start":{"line":237,"column":2},"end":{"line":237,"column":18}},"15":{"start":{"line":241,"column":2},"end":{"line":244,"column":3}},"16":{"start":{"line":242,"column":4},"end":{"line":242,"column":15}},"17":{"start":{"line":243,"column":4},"end":{"line":243,"column":14}},"18":{"start":{"line":247,"column":0},"end":{"line":247,"column":62}}},"fnMap":{"0":{"name":"getDb","decl":{"start":{"line":15,"column":9},"end":{"line":15,"column":14}},"loc":{"start":{"line":15,"column":17},"end":{"line":22,"column":1}},"line":15},"1":{"name":"initializeDatabase","decl":{"start":{"line":24,"column":9},"end":{"line":24,"column":27}},"loc":{"start":{"line":24,"column":30},"end":{"line":238,"column":1}},"line":24},"2":{"name":"closeDatabase","decl":{"start":{"line":240,"column":9},"end":{"line":240,"column":22}},"loc":{"start":{"line":240,"column":25},"end":{"line":245,"column":1}},"line":240}},"branchMap":{"0":{"loc":{"start":{"line":5,"column":16},"end":{"line":5,"column":97}},"type":"binary-expr","locations":[{"start":{"line":5,"column":16},"end":{"line":5,"column":41}},{"start":{"line":5,"column":45},"end":{"line":5,"column":97}}],"line":5},"1":{"loc":{"start":{"line":9,"column":0},"end":{"line":11,"column":1}},"type":"if","locations":[{"start":{"line":9,"column":0},"end":{"line":11,"column":1}},{"start":{},"end":{}}],"line":9},"2":{"loc":{"start":{"line":16,"column":2},"end":{"line":20,"column":3}},"type":"if","locations":[{"start":{"line":16,"column":2},"end":{"line":20,"column":3}},{"start":{},"end":{}}],"line":16},"3":{"loc":{"start":{"line":241,"column":2},"end":{"line":244,"column":3}},"type":"if","locations":[{"start":{"line":241,"column":2},"end":{"line":244,"column":3}},{"start":{},"end":{}}],"line":241}},"s":{"0":1,"1":1,"2":1,"3":1,"4":1,"5":1,"6":0,"7":65,"8":1,"9":1,"10":1,"11":65,"12":1,"13":1,"14":1,"15":1,"16":1,"17":1,"18":1},"f":{"0":65,"1":1,"2":1},"b":{"0":[1,0],"1":[0,1],"2":[1,64],"3":[1,0]},"_coverageSchema":"1a1c01bbd47fc00a2c39e90264f33305004495a9","hash":"2b2aef1279bcf45c7b453636f98bbbc86cec2c8e"}
}
