TN:
SF:src/index.js
FN:26,(anonymous_0)
FN:33,(anonymous_1)
FN:50,(anonymous_2)
FN:59,(anonymous_3)
FN:69,(anonymous_4)
FN:76,(anonymous_5)
FNF:6
FNH:2
FNDA:29,(anonymous_0)
FNDA:1,(anonymous_1)
FNDA:0,(anonymous_2)
FNDA:0,(anonymous_3)
FNDA:0,(anonymous_4)
FNDA:0,(anonymous_5)
DA:1,1
DA:3,1
DA:4,1
DA:5,1
DA:6,1
DA:7,1
DA:10,1
DA:11,1
DA:12,1
DA:13,1
DA:14,1
DA:16,1
DA:17,1
DA:20,1
DA:21,1
DA:22,1
DA:25,1
DA:26,1
DA:27,29
DA:28,29
DA:33,1
DA:34,1
DA:43,1
DA:44,1
DA:45,1
DA:46,1
DA:47,1
DA:50,1
DA:51,0
DA:52,0
DA:59,1
DA:60,0
DA:64,1
DA:65,1
DA:66,1
DA:69,1
DA:70,0
DA:71,0
DA:73,1
DA:75,1
DA:76,0
DA:77,0
DA:78,0
DA:82,0
DA:83,0
DA:86,1
LF:46
LH:36
BRDA:17,0,0,1
BRDA:17,0,1,1
BRDA:25,1,0,1
BRDA:25,1,1,0
BRDA:54,2,0,0
BRDA:54,2,1,0
BRDA:75,3,0,0
BRDA:75,3,1,1
BRDA:78,4,0,0
BRDA:78,4,1,0
BRF:10
BRH:4
end_of_record
TN:
SF:src/middleware/auth.js
FN:6,generateToken
FN:14,authenticate
FN:42,checkFamilyAccess
FN:43,(anonymous_3)
FN:71,(anonymous_4)
FN:82,checkBabyAccess
FN:83,(anonymous_6)
FN:112,(anonymous_7)
FNF:8
FNH:8
FNDA:3,generateToken
FNDA:23,authenticate
FNDA:5,checkFamilyAccess
FNDA:2,(anonymous_3)
FNDA:2,(anonymous_4)
FNDA:7,checkBabyAccess
FNDA:8,(anonymous_6)
FNDA:8,(anonymous_7)
DA:1,1
DA:2,1
DA:4,1
DA:7,3
DA:15,23
DA:17,23
DA:18,0
DA:21,23
DA:23,23
DA:24,23
DA:25,23
DA:26,23
DA:28,23
DA:29,0
DA:32,23
DA:33,23
DA:35,0
DA:36,0
DA:38,0
DA:43,5
DA:44,2
DA:45,2
DA:47,2
DA:48,0
DA:51,2
DA:58,2
DA:59,0
DA:63,2
DA:65,0
DA:66,0
DA:70,2
DA:71,2
DA:73,2
DA:74,0
DA:77,2
DA:78,2
DA:83,7
DA:84,8
DA:85,8
DA:87,8
DA:88,0
DA:91,8
DA:92,8
DA:93,0
DA:96,8
DA:102,8
DA:103,0
DA:106,8
DA:107,0
DA:108,0
DA:111,8
DA:112,8
DA:114,8
DA:115,0
DA:118,8
DA:119,8
DA:120,8
DA:124,1
LF:58
LH:42
BRDA:4,0,0,1
BRDA:4,0,1,0
BRDA:10,1,0,3
BRDA:10,1,1,3
BRDA:17,2,0,0
BRDA:17,2,1,23
BRDA:17,3,0,23
BRDA:17,3,1,23
BRDA:28,4,0,0
BRDA:28,4,1,23
BRDA:35,5,0,0
BRDA:35,5,1,0
BRDA:42,6,0,0
BRDA:45,7,0,2
BRDA:45,7,1,0
BRDA:47,8,0,0
BRDA:47,8,1,2
BRDA:58,9,0,0
BRDA:58,9,1,2
BRDA:63,10,0,0
BRDA:63,10,1,2
BRDA:63,11,0,2
BRDA:63,11,1,0
BRDA:70,12,0,2
BRDA:70,12,1,0
BRDA:73,13,0,0
BRDA:73,13,1,2
BRDA:82,14,0,0
BRDA:85,15,0,8
BRDA:85,15,1,8
BRDA:87,16,0,0
BRDA:87,16,1,8
BRDA:92,17,0,0
BRDA:92,17,1,8
BRDA:102,18,0,0
BRDA:102,18,1,8
BRDA:106,19,0,0
BRDA:106,19,1,8
BRDA:106,20,0,8
BRDA:106,20,1,1
BRDA:111,21,0,8
BRDA:111,21,1,0
BRDA:114,22,0,0
BRDA:114,22,1,8
BRF:44
BRH:24
end_of_record
TN:
SF:src/routes/auth.js
FN:15,(anonymous_0)
FN:49,(anonymous_1)
FN:75,(anonymous_2)
FN:117,(anonymous_3)
FN:137,(anonymous_4)
FNF:5
FNH:4
FNDA:3,(anonymous_0)
FNDA:2,(anonymous_1)
FNDA:2,(anonymous_2)
FNDA:1,(anonymous_3)
FNDA:0,(anonymous_4)
DA:1,1
DA:2,1
DA:3,1
DA:4,1
DA:5,1
DA:6,1
DA:8,1
DA:11,1
DA:16,3
DA:17,3
DA:18,3
DA:19,0
DA:22,3
DA:23,3
DA:25,3
DA:26,3
DA:27,1
DA:30,2
DA:31,2
DA:32,2
DA:34,2
DA:39,2
DA:44,2
DA:49,2
DA:50,2
DA:51,2
DA:52,2
DA:55,2
DA:57,2
DA:59,2
DA:66,0
DA:67,0
DA:72,1
DA:76,2
DA:77,2
DA:78,2
DA:79,0
DA:82,2
DA:83,2
DA:85,2
DA:86,2
DA:87,0
DA:90,2
DA:91,2
DA:92,1
DA:96,1
DA:103,1
DA:105,1
DA:111,0
DA:112,0
DA:117,1
DA:118,1
DA:120,1
DA:127,1
DA:134,1
DA:138,0
DA:139,0
DA:140,0
DA:141,0
DA:144,0
DA:145,0
DA:148,0
DA:153,0
DA:154,0
DA:157,0
DA:158,0
DA:159,0
DA:162,0
DA:166,0
DA:167,0
DA:170,0
DA:175,0
DA:177,0
DA:178,0
DA:182,1
LF:75
LH:49
BRDA:18,0,0,0
BRDA:18,0,1,3
BRDA:26,1,0,1
BRDA:26,1,1,2
BRDA:78,2,0,0
BRDA:78,2,1,2
BRDA:86,3,0,0
BRDA:86,3,1,2
BRDA:91,4,0,1
BRDA:91,4,1,1
BRDA:140,5,0,0
BRDA:140,5,1,0
BRDA:153,6,0,0
BRDA:153,6,1,0
BRDA:158,7,0,0
BRDA:158,7,1,0
BRDA:166,8,0,0
BRDA:166,8,1,0
BRF:18
BRH:7
end_of_record
TN:
SF:src/routes/babies.js
FN:17,(anonymous_0)
FN:52,(anonymous_1)
FN:64,(anonymous_2)
FN:84,(anonymous_3)
FN:138,(anonymous_4)
FN:180,(anonymous_5)
FNF:6
FNH:5
FNDA:1,(anonymous_0)
FNDA:1,(anonymous_1)
FNDA:1,(anonymous_2)
FNDA:1,(anonymous_3)
FNDA:0,(anonymous_4)
FNDA:1,(anonymous_5)
DA:1,1
DA:2,1
DA:3,1
DA:4,1
DA:5,1
DA:7,1
DA:10,1
DA:18,1
DA:19,1
DA:20,0
DA:23,1
DA:24,1
DA:27,1
DA:32,1
DA:33,0
DA:36,1
DA:37,1
DA:38,0
DA:41,1
DA:42,1
DA:48,1
DA:52,1
DA:53,1
DA:54,1
DA:57,1
DA:59,1
DA:60,1
DA:64,1
DA:65,1
DA:66,1
DA:80,1
DA:84,1
DA:85,1
DA:86,1
DA:88,1
DA:89,0
DA:93,1
DA:98,1
DA:99,0
DA:103,1
DA:106,1
DA:131,1
DA:135,1
DA:139,0
DA:140,0
DA:142,0
DA:144,0
DA:149,0
DA:151,0
DA:152,0
DA:153,0
DA:156,0
DA:157,0
DA:158,0
DA:160,0
DA:161,0
DA:162,0
DA:163,0
DA:164,0
DA:166,0
DA:167,0
DA:168,0
DA:169,0
DA:172,0
DA:173,0
DA:177,1
DA:181,1
DA:182,1
DA:184,1
DA:185,1
DA:186,1
DA:188,1
DA:190,1
DA:195,1
DA:197,1
DA:198,1
DA:199,0
DA:203,1
DA:207,1
DA:208,1
DA:213,0
DA:218,1
DA:221,1
LF:83
LH:54
BRDA:19,0,0,0
BRDA:19,0,1,1
BRDA:32,1,0,0
BRDA:32,1,1,1
BRDA:36,2,0,1
BRDA:36,2,1,0
BRDA:37,3,0,0
BRDA:37,3,1,1
BRDA:37,4,0,1
BRDA:37,4,1,0
BRDA:45,5,0,1
BRDA:45,5,1,0
BRDA:45,6,0,1
BRDA:45,6,1,0
BRDA:45,7,0,1
BRDA:45,7,1,0
BRDA:88,8,0,0
BRDA:88,8,1,1
BRDA:98,9,0,0
BRDA:98,9,1,1
BRDA:142,10,0,0
BRDA:142,10,1,0
BRDA:149,11,0,0
BRDA:149,11,1,0
BRDA:151,12,0,0
BRDA:151,12,1,0
BRDA:152,13,0,0
BRDA:152,13,1,0
BRDA:152,14,0,0
BRDA:152,14,1,0
BRDA:160,15,0,0
BRDA:160,15,1,0
BRDA:161,16,0,0
BRDA:161,16,1,0
BRDA:162,17,0,0
BRDA:162,17,1,0
BRDA:163,18,0,0
BRDA:163,18,1,0
BRDA:164,19,0,0
BRDA:164,19,1,0
BRDA:166,20,0,0
BRDA:166,20,1,0
BRDA:182,21,0,0
BRDA:182,21,1,1
BRDA:188,22,0,0
BRDA:188,22,1,1
BRDA:195,23,0,0
BRDA:195,23,1,1
BRDA:197,24,0,1
BRDA:197,24,1,0
BRDA:198,25,0,0
BRDA:198,25,1,1
BRDA:198,26,0,1
BRDA:198,26,1,0
BRDA:207,27,0,1
BRDA:207,27,1,0
BRF:56
BRH:17
end_of_record
TN:
SF:src/routes/notifications.js
FN:10,(anonymous_0)
FN:40,(anonymous_1)
FN:48,(anonymous_2)
FN:59,(anonymous_3)
FN:80,(anonymous_4)
FNF:5
FNH:2
FNDA:1,(anonymous_0)
FNDA:0,(anonymous_1)
FNDA:0,(anonymous_2)
FNDA:1,(anonymous_3)
FNDA:0,(anonymous_4)
DA:1,1
DA:2,1
DA:3,1
DA:4,1
DA:5,1
DA:7,1
DA:10,1
DA:11,1
DA:12,1
DA:13,1
DA:15,1
DA:21,1
DA:23,1
DA:24,0
DA:27,1
DA:28,1
DA:30,1
DA:32,1
DA:36,1
DA:40,1
DA:41,0
DA:42,0
DA:44,0
DA:48,1
DA:49,0
DA:50,0
DA:52,0
DA:56,1
DA:60,1
DA:61,1
DA:63,1
DA:64,1
DA:67,1
DA:70,1
DA:71,1
DA:76,1
DA:80,1
DA:81,0
DA:82,0
DA:84,0
DA:87,1
LF:41
LH:31
BRDA:12,0,0,1
BRDA:12,0,1,1
BRDA:23,1,0,0
BRDA:23,1,1,1
BRDA:61,2,0,0
BRDA:61,2,1,1
BRDA:70,3,0,1
BRDA:70,3,1,0
BRF:8
BRH:5
end_of_record
TN:
SF:src/routes/sharing.js
FN:20,(anonymous_0)
FN:69,(anonymous_1)
FN:149,(anonymous_2)
FN:165,(anonymous_3)
FN:196,(anonymous_4)
FN:234,(anonymous_5)
FN:249,(anonymous_6)
FNF:7
FNH:3
FNDA:1,(anonymous_0)
FNDA:1,(anonymous_1)
FNDA:1,(anonymous_2)
FNDA:0,(anonymous_3)
FNDA:0,(anonymous_4)
FNDA:0,(anonymous_5)
FNDA:0,(anonymous_6)
DA:1,1
DA:2,1
DA:3,1
DA:4,1
DA:5,1
DA:6,1
DA:8,1
DA:11,1
DA:14,1
DA:21,1
DA:22,1
DA:23,1
DA:24,0
DA:27,1
DA:28,1
DA:31,1
DA:36,1
DA:37,0
DA:40,1
DA:41,1
DA:43,1
DA:52,1
DA:61,0
DA:62,0
DA:67,1
DA:70,1
DA:71,1
DA:72,1
DA:73,0
DA:76,1
DA:77,1
DA:79,1
DA:86,1
DA:87,0
DA:90,1
DA:91,0
DA:94,1
DA:95,0
DA:99,1
DA:103,1
DA:104,0
DA:105,0
DA:108,0
DA:112,0
DA:117,1
DA:121,1
DA:132,1
DA:134,1
DA:143,0
DA:144,0
DA:149,1
DA:150,1
DA:152,1
DA:161,1
DA:165,1
DA:166,0
DA:168,0
DA:172,0
DA:173,0
DA:176,0
DA:177,0
DA:182,0
DA:183,0
DA:187,0
DA:189,0
DA:193,1
DA:197,0
DA:198,0
DA:199,0
DA:202,0
DA:203,0
DA:205,0
DA:209,0
DA:210,0
DA:213,0
DA:214,0
DA:216,0
DA:217,0
DA:218,0
DA:220,0
DA:221,0
DA:222,0
DA:225,0
DA:226,0
DA:227,0
DA:230,0
DA:234,1
DA:235,0
DA:237,0
DA:245,0
DA:249,1
DA:250,0
DA:252,0
DA:258,0
DA:259,0
DA:262,0
DA:264,0
DA:267,1
LF:98
LH:45
BRDA:23,0,0,0
BRDA:23,0,1,1
BRDA:36,1,0,0
BRDA:36,1,1,1
BRDA:49,2,0,1
BRDA:49,2,1,1
BRDA:49,3,0,1
BRDA:49,3,1,0
BRDA:57,4,0,1
BRDA:57,4,1,0
BRDA:58,5,0,1
BRDA:58,5,1,0
BRDA:72,6,0,0
BRDA:72,6,1,1
BRDA:86,7,0,0
BRDA:86,7,1,1
BRDA:90,8,0,0
BRDA:90,8,1,1
BRDA:94,9,0,0
BRDA:94,9,1,1
BRDA:103,10,0,0
BRDA:103,10,1,1
BRDA:104,11,0,0
BRDA:104,11,1,0
BRDA:108,12,0,0
BRDA:108,12,1,0
BRDA:117,13,0,1
BRDA:117,13,1,0
BRDA:138,14,0,1
BRDA:138,14,1,0
BRDA:172,15,0,0
BRDA:172,15,1,0
BRDA:176,16,0,0
BRDA:176,16,1,0
BRDA:182,17,0,0
BRDA:182,17,1,0
BRDA:198,18,0,0
BRDA:198,18,1,0
BRDA:209,19,0,0
BRDA:209,19,1,0
BRDA:216,20,0,0
BRDA:216,20,1,0
BRDA:220,21,0,0
BRDA:220,21,1,0
BRDA:225,22,0,0
BRDA:225,22,1,0
BRDA:258,23,0,0
BRDA:258,23,1,0
BRF:48
BRH:14
end_of_record
TN:
SF:src/routes/tracking.js
FN:20,(anonymous_0)
FN:47,(anonymous_1)
FN:87,(anonymous_2)
FN:112,(anonymous_3)
FN:138,(anonymous_4)
FN:166,(anonymous_5)
FN:210,(anonymous_6)
FN:227,(anonymous_7)
FN:256,(anonymous_8)
FN:273,(anonymous_9)
FN:293,(anonymous_10)
FN:309,(anonymous_11)
FN:326,(anonymous_12)
FN:349,(anonymous_13)
FN:367,(anonymous_14)
FN:384,(anonymous_15)
FN:413,(anonymous_16)
FN:430,(anonymous_17)
FN:453,(anonymous_18)
FN:499,(anonymous_19)
FN:518,(anonymous_20)
FN:571,(anonymous_21)
FNF:22
FNH:13
FNDA:2,(anonymous_0)
FNDA:2,(anonymous_1)
FNDA:0,(anonymous_2)
FNDA:1,(anonymous_3)
FNDA:0,(anonymous_4)
FNDA:1,(anonymous_5)
FNDA:1,(anonymous_6)
FNDA:0,(anonymous_7)
FNDA:1,(anonymous_8)
FNDA:0,(anonymous_9)
FNDA:0,(anonymous_10)
FNDA:1,(anonymous_11)
FNDA:0,(anonymous_12)
FNDA:0,(anonymous_13)
FNDA:1,(anonymous_14)
FNDA:0,(anonymous_15)
FNDA:1,(anonymous_16)
FNDA:0,(anonymous_17)
FNDA:1,(anonymous_18)
FNDA:2,(anonymous_19)
FNDA:1,(anonymous_20)
FNDA:5,(anonymous_21)
DA:1,1
DA:2,1
DA:3,1
DA:4,1
DA:5,1
DA:6,1
DA:8,1
DA:13,1
DA:21,2
DA:22,2
DA:24,2
DA:25,2
DA:26,2
DA:28,2
DA:33,2
DA:36,2
DA:38,2
DA:42,1
DA:48,2
DA:49,2
DA:50,2
DA:52,2
DA:55,2
DA:57,2
DA:58,2
DA:60,2
DA:61,0
DA:62,0
DA:63,2
DA:64,0
DA:65,0
DA:68,2
DA:70,2
DA:71,0
DA:72,0
DA:75,2
DA:78,2
DA:83,2
DA:87,1
DA:88,0
DA:89,0
DA:90,0
DA:92,0
DA:93,0
DA:97,0
DA:98,0
DA:99,0
DA:101,0
DA:102,0
DA:107,1
DA:113,1
DA:114,1
DA:116,1
DA:117,1
DA:118,1
DA:120,1
DA:125,1
DA:127,1
DA:128,1
DA:131,1
DA:135,1
DA:139,0
DA:140,0
DA:142,0
DA:143,0
DA:144,0
DA:146,0
DA:147,0
DA:150,0
DA:152,0
DA:153,0
DA:157,0
DA:159,0
DA:160,0
DA:163,1
DA:167,1
DA:168,1
DA:169,1
DA:171,1
DA:174,1
DA:176,1
DA:177,1
DA:179,1
DA:180,0
DA:181,0
DA:184,1
DA:185,1
DA:187,1
DA:189,1
DA:198,1
DA:203,1
DA:211,1
DA:212,1
DA:214,1
DA:215,1
DA:216,1
DA:218,1
DA:223,1
DA:224,1
DA:227,1
DA:228,0
DA:229,0
DA:230,0
DA:232,0
DA:235,0
DA:237,0
DA:238,0
DA:240,0
DA:241,0
DA:242,0
DA:244,0
DA:245,0
DA:250,1
DA:257,1
DA:258,1
DA:260,1
DA:261,1
DA:262,1
DA:264,1
DA:269,1
DA:270,1
DA:273,1
DA:274,0
DA:275,0
DA:276,0
DA:278,0
DA:281,0
DA:283,0
DA:289,0
DA:293,1
DA:294,0
DA:295,0
DA:296,0
DA:298,0
DA:299,0
DA:300,0
DA:305,1
DA:310,1
DA:311,1
DA:313,1
DA:314,1
DA:315,1
DA:317,1
DA:322,1
DA:323,1
DA:326,1
DA:327,0
DA:328,0
DA:329,0
DA:331,0
DA:334,0
DA:336,0
DA:345,0
DA:349,1
DA:350,0
DA:351,0
DA:352,0
DA:353,0
DA:358,1
DA:368,1
DA:369,1
DA:371,1
DA:372,1
DA:373,1
DA:375,1
DA:380,1
DA:381,1
DA:384,1
DA:385,0
DA:386,0
DA:387,0
DA:389,0
DA:392,0
DA:394,0
DA:403,0
DA:408,1
DA:414,1
DA:415,1
DA:417,1
DA:418,1
DA:419,1
DA:421,1
DA:426,1
DA:427,1
DA:430,1
DA:431,0
DA:432,0
DA:433,0
DA:435,0
DA:438,0
DA:440,0
DA:441,0
DA:443,0
DA:444,0
DA:445,0
DA:447,0
DA:448,0
DA:453,1
DA:454,1
DA:455,1
DA:456,1
DA:458,1
DA:461,1
DA:463,1
DA:465,1
DA:499,1
DA:500,2
DA:501,2
DA:502,1
DA:503,0
DA:505,2
DA:513,1
DA:518,1
DA:519,1
DA:520,1
DA:521,1
DA:523,1
DA:526,1
DA:528,1
DA:529,1
DA:532,1
DA:534,1
DA:538,1
DA:540,1
DA:544,1
DA:546,1
DA:550,1
DA:552,1
DA:556,1
DA:558,1
DA:562,1
DA:564,1
DA:568,1
DA:571,5
DA:573,1
DA:576,1
LF:236
LH:149
BRDA:22,0,0,0
BRDA:22,0,1,2
BRDA:31,1,0,2
BRDA:31,1,1,0
BRDA:31,2,0,2
BRDA:31,2,1,1
BRDA:31,3,0,2
BRDA:31,3,1,2
BRDA:31,4,0,2
BRDA:31,4,1,2
BRDA:31,5,0,2
BRDA:31,5,1,1
BRDA:50,6,0,0
BRDA:50,6,1,2
BRDA:55,7,0,0
BRDA:55,7,1,2
BRDA:60,8,0,0
BRDA:60,8,1,2
BRDA:63,9,0,0
BRDA:63,9,1,2
BRDA:63,10,0,2
BRDA:63,10,1,0
BRDA:70,11,0,0
BRDA:70,11,1,2
BRDA:90,12,0,0
BRDA:90,12,1,0
BRDA:97,13,0,0
BRDA:97,13,1,0
BRDA:98,14,0,0
BRDA:98,14,1,0
BRDA:99,15,0,0
BRDA:99,15,1,0
BRDA:99,16,0,0
BRDA:99,16,1,0
BRDA:114,17,0,0
BRDA:114,17,1,1
BRDA:123,18,0,1
BRDA:123,18,1,0
BRDA:123,19,0,1
BRDA:123,19,1,0
BRDA:123,20,0,1
BRDA:123,20,1,0
BRDA:123,21,0,1
BRDA:123,21,1,1
BRDA:127,22,0,1
BRDA:127,22,1,0
BRDA:140,23,0,0
BRDA:140,23,1,0
BRDA:144,24,0,0
BRDA:144,24,1,0
BRDA:150,25,0,0
BRDA:150,25,1,0
BRDA:155,26,0,0
BRDA:155,26,1,0
BRDA:169,27,0,0
BRDA:169,27,1,1
BRDA:174,28,0,0
BRDA:174,28,1,1
BRDA:179,29,0,0
BRDA:179,29,1,1
BRDA:185,30,0,0
BRDA:185,30,1,1
BRDA:212,31,0,0
BRDA:212,31,1,1
BRDA:221,32,0,1
BRDA:221,32,1,0
BRDA:221,33,0,1
BRDA:221,33,1,0
BRDA:221,34,0,0
BRDA:221,34,1,1
BRDA:221,35,0,1
BRDA:221,35,1,1
BRDA:230,36,0,0
BRDA:230,36,1,0
BRDA:235,37,0,0
BRDA:235,37,1,0
BRDA:240,38,0,0
BRDA:240,38,1,0
BRDA:242,39,0,0
BRDA:242,39,1,0
BRDA:258,40,0,0
BRDA:258,40,1,1
BRDA:267,41,0,1
BRDA:267,41,1,0
BRDA:267,42,0,1
BRDA:267,42,1,0
BRDA:267,43,0,1
BRDA:267,43,1,0
BRDA:276,44,0,0
BRDA:276,44,1,0
BRDA:281,45,0,0
BRDA:281,45,1,0
BRDA:287,46,0,0
BRDA:287,46,1,0
BRDA:296,47,0,0
BRDA:296,47,1,0
BRDA:311,48,0,0
BRDA:311,48,1,1
BRDA:320,49,0,1
BRDA:320,49,1,0
BRDA:320,50,0,1
BRDA:320,50,1,0
BRDA:320,51,0,1
BRDA:320,51,1,1
BRDA:329,52,0,0
BRDA:329,52,1,0
BRDA:334,53,0,0
BRDA:334,53,1,0
BRDA:369,54,0,0
BRDA:369,54,1,1
BRDA:378,55,0,1
BRDA:378,55,1,1
BRDA:378,56,0,1
BRDA:378,56,1,0
BRDA:378,57,0,1
BRDA:378,57,1,1
BRDA:378,58,0,1
BRDA:378,58,1,1
BRDA:387,59,0,0
BRDA:387,59,1,0
BRDA:392,60,0,0
BRDA:392,60,1,0
BRDA:401,61,0,0
BRDA:401,61,1,0
BRDA:415,62,0,0
BRDA:415,62,1,1
BRDA:424,63,0,1
BRDA:424,63,1,0
BRDA:424,64,0,1
BRDA:424,64,1,0
BRDA:424,65,0,1
BRDA:424,65,1,1
BRDA:433,66,0,0
BRDA:433,66,1,0
BRDA:438,67,0,0
BRDA:438,67,1,0
BRDA:443,68,0,0
BRDA:443,68,1,0
BRDA:445,69,0,0
BRDA:445,69,1,0
BRDA:456,70,0,0
BRDA:456,70,1,1
BRDA:461,71,0,0
BRDA:461,71,1,1
BRDA:463,72,0,1
BRDA:463,72,1,1
BRDA:501,73,0,1
BRDA:501,73,1,1
BRDA:502,74,0,1
BRDA:502,74,1,0
BRDA:503,75,0,0
BRDA:503,75,1,0
BRDA:521,76,0,0
BRDA:521,76,1,1
BRDA:526,77,0,0
BRDA:526,77,1,1
BRDA:528,78,0,1
BRDA:528,78,1,1
BRDA:529,79,0,1
BRDA:529,79,1,1
BRF:160
BRH:68
end_of_record
TN:
SF:src/services/notifications.js
FN:7,checkGoalsAndNotify
FN:81,(anonymous_1)
FN:100,runDailyGoalCheck
FN:117,createNotification
FNF:4
FNH:2
FNDA:3,checkGoalsAndNotify
FNDA:2,(anonymous_1)
FNDA:0,runDailyGoalCheck
FNDA:0,createNotification
DA:1,1
DA:2,1
DA:8,3
DA:9,3
DA:11,3
DA:12,3
DA:14,3
DA:18,3
DA:20,3
DA:21,3
DA:22,3
DA:24,3
DA:25,2
DA:29,2
DA:30,1
DA:31,1
DA:38,1
DA:41,3
DA:44,3
DA:47,3
DA:48,3
DA:49,3
DA:52,3
DA:57,3
DA:64,3
DA:65,1
DA:66,1
DA:67,1
DA:71,2
DA:76,2
DA:81,2
DA:82,2
DA:83,2
DA:90,2
DA:93,0
DA:101,0
DA:102,0
DA:103,0
DA:105,0
DA:106,0
DA:107,0
DA:110,0
DA:118,0
DA:119,0
DA:120,0
DA:125,0
DA:129,1
LF:47
LH:35
BRDA:12,0,0,0
BRDA:12,0,1,3
BRDA:18,1,0,0
BRDA:18,1,1,3
BRDA:24,2,0,2
BRDA:24,2,1,1
BRDA:30,3,0,1
BRDA:30,3,1,0
BRDA:47,4,0,3
BRDA:47,4,1,0
BRDA:47,5,0,3
BRDA:47,5,1,3
BRDA:48,6,0,2
BRDA:48,6,1,1
BRDA:49,7,0,2
BRDA:49,7,1,1
BRDA:52,8,0,2
BRDA:52,8,1,1
BRDA:64,9,0,1
BRDA:64,9,1,2
BRDA:67,10,0,1
BRDA:67,10,1,0
BRDA:117,11,0,0
BRDA:123,12,0,0
BRDA:123,12,1,0
BRF:25
BRH:17
end_of_record
TN:
SF:src/utils/database.js
FN:15,getDb
FN:24,initializeDatabase
FN:240,closeDatabase
FNF:3
FNH:3
FNDA:65,getDb
FNDA:1,initializeDatabase
FNDA:1,closeDatabase
DA:1,1
DA:2,1
DA:3,1
DA:5,1
DA:8,1
DA:9,1
DA:10,0
DA:16,65
DA:17,1
DA:18,1
DA:19,1
DA:21,65
DA:25,1
DA:27,1
DA:237,1
DA:241,1
DA:242,1
DA:243,1
DA:247,1
LF:19
LH:18
BRDA:5,0,0,1
BRDA:5,0,1,0
BRDA:9,1,0,0
BRDA:9,1,1,1
BRDA:16,2,0,1
BRDA:16,2,1,64
BRDA:241,3,0,1
BRDA:241,3,1,0
BRF:8
BRH:5
end_of_record
